#
# There is insufficient memory for the Java Runtime Environment to continue.
# Native memory allocation (malloc) failed to allocate 1180384 bytes for Chunk::new
# Possible reasons:
#   The system is out of physical RAM or swap space
#   The process is running with CompressedOops enabled, and the Java Heap may be blocking the growth of the native heap
# Possible solutions:
#   Reduce memory load on the system
#   Increase physical memory or swap space
#   Check if swap backing store is full
#   Decrease Java heap size (-Xmx/-Xms)
#   Decrease number of Java threads
#   Decrease Java thread stack sizes (-Xss)
#   Set larger code cache with -XX:ReservedCodeCacheSize=
#   JVM is running with Unscaled Compressed Oops mode in which the Java heap is
#     placed in the first 4GB address space. The Java Heap base address is the
#     maximum limit for the native heap growth. Please use -XX:HeapBaseMinAddress
#     to set the Java Heap base and to place the Java Heap above 4GB virtual address.
# This output file may be truncated or incomplete.
#
#  Out of Memory Error (allocation.cpp:389), pid=15044, tid=0x000000000000388c
#
# JRE version: OpenJDK Runtime Environment (8.0) (build 1.8.0-25-microsoft-b00)
# Java VM: OpenJDK 64-Bit Server VM (25.71-b00 mixed mode windows-amd64 compressed oops)
# Failed to write core dump. Minidumps are not enabled by default on client versions of Windows
#

---------------  T H R E A D  ---------------

Current thread (0x0000000015242000):  JavaThread "C2 CompilerThread1" daemon [_thread_in_native, id=14476, stack(0x0000000016980000,0x0000000016a80000)]

Stack: [0x0000000016980000,0x0000000016a80000]
[error occurred during error reporting (printing stack bounds), id 0xc0000005]

Native frames: (J=compiled Java code, j=interpreted, Vv=VM code, C=native code)


Current CompileTask:
C2:   8667 4188       4       com.android.tools.r8.ir.optimize.g::a (394 bytes)


---------------  P R O C E S S  ---------------

Java Threads: ( => current thread )
  0x00000000174ad800 JavaThread "ForkJoinPool-1-worker-0" daemon [_thread_in_Java, id=3580, stack(0x0000000018a50000,0x0000000018b50000)]
  0x000000001727e800 JavaThread "ForkJoinPool-1-worker-1" daemon [_thread_in_Java, id=696, stack(0x0000000018950000,0x0000000018a50000)]
  0x0000000016bb2800 JavaThread "Service Thread" daemon [_thread_blocked, id=11512, stack(0x0000000016f80000,0x0000000017080000)]
  0x0000000015247000 JavaThread "C1 CompilerThread2" daemon [_thread_blocked, id=14576, stack(0x0000000016a80000,0x0000000016b80000)]
=>0x0000000015242000 JavaThread "C2 CompilerThread1" daemon [_thread_in_native, id=14476, stack(0x0000000016980000,0x0000000016a80000)]
  0x000000001523b800 JavaThread "C2 CompilerThread0" daemon [_thread_in_native, id=14600, stack(0x0000000016880000,0x0000000016980000)]
  0x0000000015236000 JavaThread "Attach Listener" daemon [_thread_blocked, id=14516, stack(0x0000000016780000,0x0000000016880000)]
  0x0000000015233000 JavaThread "Signal Dispatcher" daemon [_thread_blocked, id=3012, stack(0x0000000016680000,0x0000000016780000)]
  0x0000000002b5e000 JavaThread "Finalizer" daemon [_thread_blocked, id=7920, stack(0x0000000016490000,0x0000000016590000)]
  0x0000000002b52800 JavaThread "Reference Handler" daemon [_thread_blocked, id=4220, stack(0x0000000016390000,0x0000000016490000)]
  0x0000000002a1e800 JavaThread "main" [_thread_blocked, id=11092, stack(0x00000000028b0000,0x00000000029b0000)]

Other Threads:
  0x00000000151f6000 VMThread [stack: 0x0000000016290000,0x0000000016390000] [id=14184]
  0x0000000016bb3000 WatcherThread [stack: 0x0000000017080000,0x0000000017180000] [id=12768]

VM state:not at safepoint (normal execution)

VM Mutex/Monitor currently owned by a thread: None

heap address: 0x00000000c0000000, size: 1024 MB, Compressed Oops mode: 32-bit
Narrow klass base: 0x0000000000000000, Narrow klass shift: 3
Compressed class space size: 1073741824 Address: 0x0000000100000000

Heap:
 PSYoungGen      total 71680K, used 15905K [0x00000000eab00000, 0x00000000ef600000, 0x0000000100000000)
  eden space 66560K, 22% used [0x00000000eab00000,0x00000000eb960750,0x00000000eec00000)
  from space 5120K, 23% used [0x00000000ef100000,0x00000000ef228000,0x00000000ef600000)
  to   space 5120K, 0% used [0x00000000eec00000,0x00000000eec00000,0x00000000ef100000)
 ParOldGen       total 87552K, used 39592K [0x00000000c0000000, 0x00000000c5580000, 0x00000000eab00000)
  object space 87552K, 45% used [0x00000000c0000000,0x00000000c26aa168,0x00000000c5580000)
 Metaspace       used 15126K, capacity 15742K, committed 15872K, reserved 1062912K
  class space    used 1780K, capacity 1961K, committed 2048K, reserved 1048576K

Card table byte_map: [0x0000000011f20000,0x0000000012130000] byte_map_base: 0x0000000011920000

Marking Bits: (ParMarkBitMap*) 0x0000000058238f30
 Begin Bits: [0x0000000012690000, 0x0000000013690000)
 End Bits:   [0x0000000013690000, 0x0000000014690000)

Polling page: 0x00000000007f0000

CodeCache: size=245760Kb used=13330Kb max_used=14889Kb free=232429Kb
 bounds [0x0000000002b60000, 0x0000000003a30000, 0x0000000011b60000]
 total_blobs=3997 nmethods=3648 adapters=261
 compilation: enabled

Compilation events (10 events):
Event: 8.616 Thread 0x0000000015247000 4326       2       com.android.tools.r8.ir.code.q::a (5 bytes)
Event: 8.617 Thread 0x0000000015247000 nmethod 4326 0x00000000030154d0 code [0x0000000003015640, 0x00000000030157c8]
Event: 8.633 Thread 0x0000000015247000 4327       2       com.android.tools.r8.ir.regalloc.LiveIntervals::w (50 bytes)
Event: 8.633 Thread 0x0000000015247000 nmethod 4327 0x0000000003016590 code [0x0000000003016700, 0x00000000030168e8]
Event: 8.655 Thread 0x0000000015247000 4328 %     3       java.lang.String::compareTo @ 34 (78 bytes)
Event: 8.655 Thread 0x0000000015247000 nmethod 4328% 0x0000000002cb6150 code [0x0000000002cb62e0, 0x0000000002cb66d0]
Event: 8.656 Thread 0x0000000015247000 4329       3       java.lang.String::compareTo (78 bytes)
Event: 8.656 Thread 0x0000000015247000 nmethod 4329 0x0000000002c980d0 code [0x0000000002c98240, 0x0000000002c98590]
Event: 8.664 Thread 0x0000000015247000 4330       2       com.android.tools.r8.ir.regalloc.LiveIntervals::x (42 bytes)
Event: 8.664 Thread 0x0000000015247000 nmethod 4330 0x0000000002cd5510 code [0x0000000002cd56c0, 0x0000000002cd59d8]

GC Heap History (10 events):
Event: 7.456 GC heap before
{Heap before GC invocations=21 (full 1):
 PSYoungGen      total 71680K, used 787K [0x00000000eab00000, 0x00000000ef600000, 0x0000000100000000)
  eden space 66560K, 0% used [0x00000000eab00000,0x00000000eab00000,0x00000000eec00000)
  from space 5120K, 15% used [0x00000000ef100000,0x00000000ef1c4e38,0x00000000ef600000)
  to   space 5120K, 0% used [0x00000000eec00000,0x00000000eec00000,0x00000000ef100000)
 ParOldGen       total 87552K, used 75897K [0x00000000c0000000, 0x00000000c5580000, 0x00000000eab00000)
  object space 87552K, 86% used [0x00000000c0000000,0x00000000c4a1e688,0x00000000c5580000)
 Metaspace       used 15133K, capacity 15764K, committed 15872K, reserved 1062912K
  class space    used 1783K, capacity 1966K, committed 2048K, reserved 1048576K
Event: 7.685 GC heap after
Heap after GC invocations=21 (full 1):
 PSYoungGen      total 71680K, used 0K [0x00000000eab00000, 0x00000000ef600000, 0x0000000100000000)
  eden space 66560K, 0% used [0x00000000eab00000,0x00000000eab00000,0x00000000eec00000)
  from space 5120K, 0% used [0x00000000ef100000,0x00000000ef100000,0x00000000ef600000)
  to   space 5120K, 0% used [0x00000000eec00000,0x00000000eec00000,0x00000000ef100000)
 ParOldGen       total 87552K, used 35740K [0x00000000c0000000, 0x00000000c5580000, 0x00000000eab00000)
  object space 87552K, 40% used [0x00000000c0000000,0x00000000c22e7130,0x00000000c5580000)
 Metaspace       used 15125K, capacity 15742K, committed 15872K, reserved 1062912K
  class space    used 1780K, capacity 1961K, committed 2048K, reserved 1048576K
}
Event: 7.930 GC heap before
{Heap before GC invocations=22 (full 1):
 PSYoungGen      total 71680K, used 66560K [0x00000000eab00000, 0x00000000ef600000, 0x0000000100000000)
  eden space 66560K, 100% used [0x00000000eab00000,0x00000000eec00000,0x00000000eec00000)
  from space 5120K, 0% used [0x00000000ef100000,0x00000000ef100000,0x00000000ef600000)
  to   space 5120K, 0% used [0x00000000eec00000,0x00000000eec00000,0x00000000ef100000)
 ParOldGen       total 87552K, used 35740K [0x00000000c0000000, 0x00000000c5580000, 0x00000000eab00000)
  object space 87552K, 40% used [0x00000000c0000000,0x00000000c22e7130,0x00000000c5580000)
 Metaspace       used 15125K, capacity 15742K, committed 15872K, reserved 1062912K
  class space    used 1780K, capacity 1961K, committed 2048K, reserved 1048576K
Event: 7.934 GC heap after
Heap after GC invocations=22 (full 1):
 PSYoungGen      total 71680K, used 1936K [0x00000000eab00000, 0x00000000ef600000, 0x0000000100000000)
  eden space 66560K, 0% used [0x00000000eab00000,0x00000000eab00000,0x00000000eec00000)
  from space 5120K, 37% used [0x00000000eec00000,0x00000000eede4010,0x00000000ef100000)
  to   space 5120K, 0% used [0x00000000ef100000,0x00000000ef100000,0x00000000ef600000)
 ParOldGen       total 87552K, used 35740K [0x00000000c0000000, 0x00000000c5580000, 0x00000000eab00000)
  object space 87552K, 40% used [0x00000000c0000000,0x00000000c22e7130,0x00000000c5580000)
 Metaspace       used 15125K, capacity 15742K, committed 15872K, reserved 1062912K
  class space    used 1780K, capacity 1961K, committed 2048K, reserved 1048576K
}
Event: 8.162 GC heap before
{Heap before GC invocations=23 (full 1):
 PSYoungGen      total 71680K, used 68496K [0x00000000eab00000, 0x00000000ef600000, 0x0000000100000000)
  eden space 66560K, 100% used [0x00000000eab00000,0x00000000eec00000,0x00000000eec00000)
  from space 5120K, 37% used [0x00000000eec00000,0x00000000eede4010,0x00000000ef100000)
  to   space 5120K, 0% used [0x00000000ef100000,0x00000000ef100000,0x00000000ef600000)
 ParOldGen       total 87552K, used 35740K [0x00000000c0000000, 0x00000000c5580000, 0x00000000eab00000)
  object space 87552K, 40% used [0x00000000c0000000,0x00000000c22e7130,0x00000000c5580000)
 Metaspace       used 15125K, capacity 15742K, committed 15872K, reserved 1062912K
  class space    used 1780K, capacity 1961K, committed 2048K, reserved 1048576K
Event: 8.176 GC heap after
Heap after GC invocations=23 (full 1):
 PSYoungGen      total 71680K, used 2992K [0x00000000eab00000, 0x00000000ef600000, 0x0000000100000000)
  eden space 66560K, 0% used [0x00000000eab00000,0x00000000eab00000,0x00000000eec00000)
  from space 5120K, 58% used [0x00000000ef100000,0x00000000ef3ec010,0x00000000ef600000)
  to   space 5120K, 0% used [0x00000000eec00000,0x00000000eec00000,0x00000000ef100000)
 ParOldGen       total 87552K, used 35740K [0x00000000c0000000, 0x00000000c5580000, 0x00000000eab00000)
  object space 87552K, 40% used [0x00000000c0000000,0x00000000c22e7130,0x00000000c5580000)
 Metaspace       used 15125K, capacity 15742K, committed 15872K, reserved 1062912K
  class space    used 1780K, capacity 1961K, committed 2048K, reserved 1048576K
}
Event: 8.436 GC heap before
{Heap before GC invocations=24 (full 1):
 PSYoungGen      total 71680K, used 69552K [0x00000000eab00000, 0x00000000ef600000, 0x0000000100000000)
  eden space 66560K, 100% used [0x00000000eab00000,0x00000000eec00000,0x00000000eec00000)
  from space 5120K, 58% used [0x00000000ef100000,0x00000000ef3ec010,0x00000000ef600000)
  to   space 5120K, 0% used [0x00000000eec00000,0x00000000eec00000,0x00000000ef100000)
 ParOldGen       total 87552K, used 35740K [0x00000000c0000000, 0x00000000c5580000, 0x00000000eab00000)
  object space 87552K, 40% used [0x00000000c0000000,0x00000000c22e7130,0x00000000c5580000)
 Metaspace       used 15126K, capacity 15742K, committed 15872K, reserved 1062912K
  class space    used 1780K, capacity 1961K, committed 2048K, reserved 1048576K
Event: 8.444 GC heap after
Heap after GC invocations=24 (full 1):
 PSYoungGen      total 71680K, used 1056K [0x00000000eab00000, 0x00000000ef600000, 0x0000000100000000)
  eden space 66560K, 0% used [0x00000000eab00000,0x00000000eab00000,0x00000000eec00000)
  from space 5120K, 20% used [0x00000000eec00000,0x00000000eed08000,0x00000000ef100000)
  to   space 5120K, 0% used [0x00000000ef100000,0x00000000ef100000,0x00000000ef600000)
 ParOldGen       total 87552K, used 38608K [0x00000000c0000000, 0x00000000c5580000, 0x00000000eab00000)
  object space 87552K, 44% used [0x00000000c0000000,0x00000000c25b4168,0x00000000c5580000)
 Metaspace       used 15126K, capacity 15742K, committed 15872K, reserved 1062912K
  class space    used 1780K, capacity 1961K, committed 2048K, reserved 1048576K
}
Event: 8.617 GC heap before
{Heap before GC invocations=25 (full 1):
 PSYoungGen      total 71680K, used 67616K [0x00000000eab00000, 0x00000000ef600000, 0x0000000100000000)
  eden space 66560K, 100% used [0x00000000eab00000,0x00000000eec00000,0x00000000eec00000)
  from space 5120K, 20% used [0x00000000eec00000,0x00000000eed08000,0x00000000ef100000)
  to   space 5120K, 0% used [0x00000000ef100000,0x00000000ef100000,0x00000000ef600000)
 ParOldGen       total 87552K, used 38608K [0x00000000c0000000, 0x00000000c5580000, 0x00000000eab00000)
  object space 87552K, 44% used [0x00000000c0000000,0x00000000c25b4168,0x00000000c5580000)
 Metaspace       used 15126K, capacity 15742K, committed 15872K, reserved 1062912K
  class space    used 1780K, capacity 1961K, committed 2048K, reserved 1048576K
Event: 8.622 GC heap after
Heap after GC invocations=25 (full 1):
 PSYoungGen      total 71680K, used 1184K [0x00000000eab00000, 0x00000000ef600000, 0x0000000100000000)
  eden space 66560K, 0% used [0x00000000eab00000,0x00000000eab00000,0x00000000eec00000)
  from space 5120K, 23% used [0x00000000ef100000,0x00000000ef228000,0x00000000ef600000)
  to   space 5120K, 0% used [0x00000000eec00000,0x00000000eec00000,0x00000000ef100000)
 ParOldGen       total 87552K, used 39592K [0x00000000c0000000, 0x00000000c5580000, 0x00000000eab00000)
  object space 87552K, 45% used [0x00000000c0000000,0x00000000c26aa168,0x00000000c5580000)
 Metaspace       used 15126K, capacity 15742K, committed 15872K, reserved 1062912K
  class space    used 1780K, capacity 1961K, committed 2048K, reserved 1048576K
}

Deoptimization events (10 events):
Event: 5.902 Thread 0x00000000174ad800 Uncommon trap: reason=unstable_if action=reinterpret pc=0x0000000002ed2900 method=com.android.tools.r8.graph.DexString.k()Ljava/lang/String; @ 56
Event: 7.108 Thread 0x00000000174ad800 Uncommon trap: reason=class_check action=maybe_recompile pc=0x0000000002c79558 method=com.android.tools.r8.ir.analysis.g.e.b(Lcom/android/tools/r8/ir/code/Instruction;)V @ 139
Event: 7.109 Thread 0x00000000174ad800 Uncommon trap: reason=class_check action=maybe_recompile pc=0x0000000002c79558 method=com.android.tools.r8.ir.analysis.g.e.b(Lcom/android/tools/r8/ir/code/Instruction;)V @ 139
Event: 7.109 Thread 0x00000000174ad800 Uncommon trap: reason=class_check action=maybe_recompile pc=0x0000000002c79558 method=com.android.tools.r8.ir.analysis.g.e.b(Lcom/android/tools/r8/ir/code/Instruction;)V @ 139
Event: 7.314 Thread 0x000000001727e800 Uncommon trap: reason=unstable_if action=reinterpret pc=0x00000000039b919c method=com.android.tools.r8.n.a.a.a.g.B0$e.contains(Ljava/lang/Object;)Z @ 124
Event: 7.401 Thread 0x00000000174ad800 Uncommon trap: reason=unstable_if action=reinterpret pc=0x0000000003868038 method=com.android.tools.r8.ir.conversion.V.a(Lcom/android/tools/r8/t/a/a/B;Lcom/android/tools/r8/t/a/a/B;)Z @ 211
Event: 7.782 Thread 0x000000001727e800 Uncommon trap: reason=unstable_if action=reinterpret pc=0x00000000039a9140 method=com.android.tools.r8.ir.conversion.N.b(Lcom/android/tools/r8/t/a/a/G/a;)Z @ 27
Event: 8.148 Thread 0x000000001727e800 Uncommon trap: reason=predicate action=maybe_recompile pc=0x00000000038f5758 method=com.android.tools.r8.t.a.a.f.a(Lcom/android/tools/r8/t/a/a/h;[Lcom/android/tools/r8/t/a/a/d;I)V @ 1553
Event: 8.420 Thread 0x000000001727e800 Uncommon trap: reason=unstable_if action=reinterpret pc=0x000000000353c3d0 method=java.util.ArrayDeque.addFirst(Ljava/lang/Object;)V @ 45
Event: 8.593 Thread 0x00000000174ad800 Uncommon trap: reason=unstable_if action=reinterpret pc=0x0000000003271ac0 method=java.util.concurrent.ConcurrentHashMap.computeIfAbsent(Ljava/lang/Object;Ljava/util/function/Function;)Ljava/lang/Object; @ 281

Classes redefined (0 events):
No events

Internal exceptions (10 events):
Event: 0.724 Thread 0x0000000002a1e800 Exception <a 'java/security/PrivilegedActionException'> (0x00000000ec53d188) thrown at [D:\j\worksp~1\openjd~3\jdk8u\hotspot\src\share\vm\prims\jvm.cpp, line 1508]
Event: 0.742 Thread 0x0000000002a1e800 Implicit null exception at 0x0000000002dc827c to 0x0000000002dc8c31
Event: 0.776 Thread 0x0000000002a1e800 Implicit null exception at 0x0000000002dda2bc to 0x0000000002ddac71
Event: 0.790 Thread 0x0000000002a1e800 Implicit null exception at 0x0000000002dcdee5 to 0x0000000002dce539
Event: 0.791 Thread 0x0000000002a1e800 Implicit null exception at 0x0000000002dc3378 to 0x0000000002dc383d
Event: 1.191 Thread 0x00000000174ad800 Implicit null exception at 0x0000000002f20709 to 0x0000000002f2118d
Event: 1.652 Thread 0x00000000174ad800 Implicit null exception at 0x0000000002fc2210 to 0x0000000002fc356d
Event: 1.757 Thread 0x00000000174ad800 Exception <a 'java/lang/NoSuchMethodError': java.lang.Object.lambda$comparingInt$7b0bb60$1(Ljava/util/function/ToIntFunction;Ljava/lang/Object;Ljava/lang/Object;)I> (0x00000000ee9b3040) thrown at [D:\j\worksp~1\openjd~3\jdk8u\hotspot\src\share\vm\interpre
Event: 1.759 Thread 0x00000000174ad800 Exception <a 'java/lang/NoSuchMethodError': java.lang.Object.lambda$maxBy$1(Ljava/util/Comparator;Ljava/lang/Object;Ljava/lang/Object;)Ljava/lang/Object;> (0x00000000ee9bf0c8) thrown at [D:\j\worksp~1\openjd~3\jdk8u\hotspot\src\share\vm\interpreter\linkRe
Event: 1.862 Thread 0x00000000174ad800 Implicit null exception at 0x0000000002fb5f6c to 0x0000000002fb61a9

Events (10 events):
Event: 8.420 Thread 0x000000001727e800 DEOPT UNPACKING pc=0x0000000002ba557b sp=0x0000000018a4eaf0 mode 2
Event: 8.436 Executing VM operation: ParallelGCFailedAllocation
Event: 8.444 Executing VM operation: ParallelGCFailedAllocation done
Event: 8.593 Thread 0x00000000174ad800 Uncommon trap: trap_request=0xffffff65 fr.pc=0x0000000003271ac0
Event: 8.593 Thread 0x00000000174ad800 DEOPT PACKING pc=0x0000000003271ac0 sp=0x0000000018b4e530
Event: 8.593 Thread 0x00000000174ad800 DEOPT UNPACKING pc=0x0000000002ba557b sp=0x0000000018b4e4c8 mode 2
Event: 8.617 Executing VM operation: ParallelGCFailedAllocation
Event: 8.622 Executing VM operation: ParallelGCFailedAllocation done
Event: 8.656 Thread 0x00000000174ad800 DEOPT PACKING pc=0x000000000380ee95 sp=0x0000000018b4e240
Event: 8.656 Thread 0x00000000174ad800 DEOPT UNPACKING pc=0x0000000002ba75d0 sp=0x0000000018b4df30 mode 0


Dynamic libraries:
0x00007ff714b80000 - 0x00007ff714bb5000 	C:\Program Files\Android\Jdk\microsoft_dist_openjdk_1.8.0.25\bin\java.exe
0x00007ffbe92c0000 - 0x00007ffbe94b0000 	C:\WINDOWS\SYSTEM32\ntdll.dll
0x00007ffbe73a0000 - 0x00007ffbe7452000 	C:\WINDOWS\System32\KERNEL32.DLL
0x00007ffbe65a0000 - 0x00007ffbe6844000 	C:\WINDOWS\System32\KERNELBASE.dll
0x00007ffbe9170000 - 0x00007ffbe9213000 	C:\WINDOWS\System32\ADVAPI32.dll
0x00007ffbe90d0000 - 0x00007ffbe916e000 	C:\WINDOWS\System32\msvcrt.dll
0x00007ffbe7a20000 - 0x00007ffbe7ab7000 	C:\WINDOWS\System32\sechost.dll
0x00007ffbe87f0000 - 0x00007ffbe8910000 	C:\WINDOWS\System32\RPCRT4.dll
0x00007ffbe7460000 - 0x00007ffbe75f4000 	C:\WINDOWS\System32\USER32.dll
0x00007ffbe7120000 - 0x00007ffbe7141000 	C:\WINDOWS\System32\win32u.dll
0x00007ffbe7ba0000 - 0x00007ffbe7bc6000 	C:\WINDOWS\System32\GDI32.dll
0x00007ffbe6250000 - 0x00007ffbe63e4000 	C:\WINDOWS\System32\gdi32full.dll
0x00007ffbe7020000 - 0x00007ffbe70be000 	C:\WINDOWS\System32\msvcp_win.dll
0x00007ffbe63f0000 - 0x00007ffbe64ea000 	C:\WINDOWS\System32\ucrtbase.dll
0x00007ffbd7550000 - 0x00007ffbd77d4000 	C:\WINDOWS\WinSxS\amd64_microsoft.windows.common-controls_6595b64144ccf1df_6.0.18362.836_none_e6c4b943130f18ed\COMCTL32.dll
0x00007ffbe82c0000 - 0x00007ffbe85f6000 	C:\WINDOWS\System32\combase.dll
0x00007ffbe72a0000 - 0x00007ffbe7320000 	C:\WINDOWS\System32\bcryptPrimitives.dll
0x00007ffbe7370000 - 0x00007ffbe739e000 	C:\WINDOWS\System32\IMM32.DLL
0x00000000585e0000 - 0x00000000586b1000 	C:\Program Files\Android\Jdk\microsoft_dist_openjdk_1.8.0.25\jre\bin\msvcr100.dll
0x0000000057a70000 - 0x00000000582b5000 	C:\Program Files\Android\Jdk\microsoft_dist_openjdk_1.8.0.25\jre\bin\server\jvm.dll
0x00007ffbe7830000 - 0x00007ffbe7838000 	C:\WINDOWS\System32\PSAPI.DLL
0x00007ffbe3e80000 - 0x00007ffbe3ea4000 	C:\WINDOWS\SYSTEM32\WINMM.dll
0x00007ffbe17f0000 - 0x00007ffbe17fa000 	C:\WINDOWS\SYSTEM32\VERSION.dll
0x00007ffbe1130000 - 0x00007ffbe1139000 	C:\WINDOWS\SYSTEM32\WSOCK32.dll
0x00007ffbe9060000 - 0x00007ffbe90cf000 	C:\WINDOWS\System32\WS2_32.dll
0x00007ffbe3e50000 - 0x00007ffbe3e7d000 	C:\WINDOWS\SYSTEM32\winmmbase.dll
0x00007ffbe7320000 - 0x00007ffbe736a000 	C:\WINDOWS\System32\cfgmgr32.dll
0x00007ffbc6c60000 - 0x00007ffbc6c6f000 	C:\Program Files\Android\Jdk\microsoft_dist_openjdk_1.8.0.25\jre\bin\verify.dll
0x00007ffbb9f50000 - 0x00007ffbb9f79000 	C:\Program Files\Android\Jdk\microsoft_dist_openjdk_1.8.0.25\jre\bin\java.dll
0x00007ffbb9f30000 - 0x00007ffbb9f46000 	C:\Program Files\Android\Jdk\microsoft_dist_openjdk_1.8.0.25\jre\bin\zip.dll
0x00007ffbe7bd0000 - 0x00007ffbe82b4000 	C:\WINDOWS\System32\SHELL32.dll
0x00007ffbe7970000 - 0x00007ffbe7a19000 	C:\WINDOWS\System32\shcore.dll
0x00007ffbe6850000 - 0x00007ffbe6fce000 	C:\WINDOWS\System32\windows.storage.dll
0x00007ffbe61e0000 - 0x00007ffbe6203000 	C:\WINDOWS\System32\profapi.dll
0x00007ffbe6190000 - 0x00007ffbe61da000 	C:\WINDOWS\System32\powrprof.dll
0x00007ffbe6180000 - 0x00007ffbe6190000 	C:\WINDOWS\System32\UMPDC.dll
0x00007ffbe7b30000 - 0x00007ffbe7b82000 	C:\WINDOWS\System32\shlwapi.dll
0x00007ffbe6230000 - 0x00007ffbe6241000 	C:\WINDOWS\System32\kernel.appcore.dll
0x00007ffbe7000000 - 0x00007ffbe7017000 	C:\WINDOWS\System32\cryptsp.dll
0x00007ffbb9f10000 - 0x00007ffbb9f2a000 	C:\Program Files\Android\jdk\microsoft_dist_openjdk_1.8.0.25\jre\bin\net.dll
0x00007ffbe59f0000 - 0x00007ffbe5a57000 	C:\WINDOWS\system32\mswsock.dll
0x00007ffbb9670000 - 0x00007ffbb9681000 	C:\Program Files\Android\jdk\microsoft_dist_openjdk_1.8.0.25\jre\bin\nio.dll

VM Arguments:
jvm_args: -Xmx1G 
java_command: com.android.tools.r8.D8 --debug --min-api 21 --output obj\Debug\90\android\bin --lib C:\Program Files (x86)\Android\android-sdk\platforms\android-28\android.jar obj\Debug\90\android\bin\classes.zip C:\Program Files (x86)\Microsoft Visual Studio\2019\Community\Common7\IDE\ReferenceAssemblies\Microsoft\Framework\MonoAndroid\v9.0\mono.android.jar C:\Program Files (x86)\Microsoft Visual Studio\2019\Community\MSBuild\Xamarin\Android\java_runtime_fastdev.jar obj\Debug\90\lp\0\jl\formsviewgroup.jar obj\Debug\90\lp\1\jl\android.arch.core.common.jar obj\Debug\90\lp\10\jl\bin\classes.jar obj\Debug\90\lp\11\jl\com.android.support.collections.jar obj\Debug\90\lp\12\jl\bin\classes.jar obj\Debug\90\lp\13\jl\bin\classes.jar obj\Debug\90\lp\14\jl\bin\classes.jar obj\Debug\90\lp\15\jl\bin\classes.jar obj\Debug\90\lp\16\jl\bin\classes.jar obj\Debug\90\lp\17\jl\bin\classes.jar obj\Debug\90\lp\18\jl\bin\classes.jar obj\Debug\90\lp\19\jl\bin\classes.jar obj\Debug\90\lp\2\jl\bin\classes.jar obj\Debug\90\lp\20\jl\bin\classes.jar obj\Debug\90\lp\21\jl\bin\classes.jar obj\Debug\90\lp\22\jl\bin\classes.jar obj\Debug\90\lp\23\jl\bin\classes.jar obj\Debug\90\lp\24\jl\bin\classes.jar obj\Debug\90\lp\25\jl\bin\classes.jar obj\Debug\90\lp\26\jl\bin\classes.jar obj\Debug\90\lp\27\jl\bin\classes.jar obj\Debug\90\lp\28\jl\bin\classes.jar obj\Debug\90\lp\29\jl\bin\classes.jar obj\Debug\90\lp\3\jl\android.arch.lifecycle.common.jar obj\Debug\90\lp\30\jl\bin\classes.jar obj\Debug\90\lp\32\jl\bin\classes.jar obj\Debug\90\lp\33\jl\bin\classes.jar obj\Debug\90\lp\34\jl\bin\classes.jar obj\Debug\90\lp\35\jl\bin\classes.jar obj\Debug\90\lp\36\jl\bin\classes.jar obj\Debug\90\lp\37\jl\bin\classes.jar obj\Debug\90\lp\4\jl\bin\classes.jar obj\Debug\90\lp\5\jl\bin\classes.jar obj\Debug\90\lp\6\jl\bin\classes.jar obj\Debug\90\lp\7\jl\bin\classes.jar obj\Debug\90\lp\8\jl\bin\classes.jar obj\Debug\90\lp\9\jl\com.android.support.support-annotations.jar
java_class_path (initial): C:\Program Files (x86)\Microsoft Visual Studio\2019\Community\MSBuild\Xamarin\Android\r8.jar
Launcher Type: SUN_STANDARD

Environment Variables:
PATH=C:\Program Files\Android\Jdk\microsoft_dist_openjdk_1.8.0.25\bin;C:\Program Files (x86)\Common Files\Oracle\Java\javapath;C:\Python27\;C:\Python27\Scripts;C:\Program Files (x86)\Intel\iCLS Client\;C:\Program Files\Intel\iCLS Client\;C:\Windows\system32;C:\Windows;C:\Windows\System32\Wbem;C:\Windows\System32\WindowsPowerShell\v1.0\;C:\Program Files (x86)\NVIDIA Corporation\PhysX\Common;C:\Program Files (x86)\Intel\Intel(R) Management Engine Components\DAL;C:\Program Files\Intel\Intel(R) Management Engine Components\DAL;C:\Program Files (x86)\Intel\Intel(R) Management Engine Components\IPT;C:\Program Files\Intel\Intel(R) Management Engine Components\IPT;C:\WINDOWS\system32;C:\WINDOWS;C:\WINDOWS\System32\Wbem;C:\WINDOWS\System32\WindowsPowerShell\v1.0\;C:\WINDOWS\System32\OpenSSH\;C:\Program Files\nodejs\;C:\ProgramData\chocolatey\bin;C:\Program Files\Git\cmd;C:\Program Files\Microsoft SQL Server\130\Tools\Binn\;C:\Program Files\dotnet\;C:\Program Files\Microsoft SQL Server\Client SDK\ODBC\170\Tools\Binn\;C:\Users\asus\AppData\Local\Microsoft\WindowsApps;C:\Users\asus\AppData\Local\Programs\Microsoft VS Code\bin;C:\Users\asus\AppData\Roaming\npm;C:\gradle-6.0.1-all\gradle-6.0.1\bin;;C:\Program Files\JetBrains\PyCharm Community Edition 2019.3.2\bin;C:\Users\asus\.dotnet\tools
USERNAME=asus
OS=Windows_NT
PROCESSOR_IDENTIFIER=Intel64 Family 6 Model 142 Stepping 9, GenuineIntel



---------------  S Y S T E M  ---------------

OS: Windows 10.0 , 64 bit Build 18362 (10.0.18362.778)

CPU:total 4 (initial active 4) (2 cores per cpu, 2 threads per core) family 6 model 142 stepping 9, cmov, cx8, fxsr, mmx, sse, sse2, sse3, ssse3, sse4.1, sse4.2, popcnt, avx, avx2, aes, clmul, erms, 3dnowpref, lzcnt, ht, tsc, tscinvbit, bmi1, bmi2, adx

Memory: 4k page, physical 8268624k(1254364k free), swap 8268624k(5428k free)

vm_info: OpenJDK 64-Bit Server VM (25.71-b00) for windows-amd64 JRE (1.8.0-25-microsoft-b00), built on Feb  7 2019 20:09:14 by "builder" with MS VC++ 10.0 (VS2010)

time: Thu May 21 23:01:22 2020
timezone: Türkiye Standart Saati
elapsed time: 8 seconds (0d 0h 0m 8s)

