#
# There is insufficient memory for the Java Runtime Environment to continue.
# Native memory allocation (malloc) failed to allocate 2176336 bytes for Chunk::new
# Possible reasons:
#   The system is out of physical RAM or swap space
#   The process is running with CompressedOops enabled, and the Java Heap may be blocking the growth of the native heap
# Possible solutions:
#   Reduce memory load on the system
#   Increase physical memory or swap space
#   Check if swap backing store is full
#   Decrease Java heap size (-Xmx/-Xms)
#   Decrease number of Java threads
#   Decrease Java thread stack sizes (-Xss)
#   Set larger code cache with -XX:ReservedCodeCacheSize=
#   JVM is running with Unscaled Compressed Oops mode in which the Java heap is
#     placed in the first 4GB address space. The Java Heap base address is the
#     maximum limit for the native heap growth. Please use -XX:HeapBaseMinAddress
#     to set the Java Heap base and to place the Java Heap above 4GB virtual address.
# This output file may be truncated or incomplete.
#
#  Out of Memory Error (allocation.cpp:389), pid=15124, tid=0x0000000000003b98
#
# JRE version: OpenJDK Runtime Environment (8.0) (build 1.8.0-25-microsoft-b00)
# Java VM: OpenJDK 64-Bit Server VM (25.71-b00 mixed mode windows-amd64 compressed oops)
# Failed to write core dump. Minidumps are not enabled by default on client versions of Windows
#

---------------  T H R E A D  ---------------

Current thread (0x0000000014cf5800):  JavaThread "C2 CompilerThread0" daemon [_thread_in_native, id=15256, stack(0x0000000016330000,0x0000000016430000)]

Stack: [0x0000000016330000,0x0000000016430000]
[error occurred during error reporting (printing stack bounds), id 0xc0000005]

Native frames: (J=compiled Java code, j=interpreted, Vv=VM code, C=native code)


Current CompileTask:
C2:   1835 1227       4       com.android.tools.r8.t.a.a.f::a (4166 bytes)


---------------  P R O C E S S  ---------------

Java Threads: ( => current thread )
  0x0000000016de9800 JavaThread "ForkJoinPool-1-worker-0" daemon [_thread_in_vm, id=15320, stack(0x0000000018500000,0x0000000018600000)]
  0x0000000016de7000 JavaThread "ForkJoinPool-1-worker-1" daemon [_thread_in_Java, id=15316, stack(0x0000000018400000,0x0000000018500000)]
  0x0000000016673000 JavaThread "Service Thread" daemon [_thread_blocked, id=15268, stack(0x0000000016a30000,0x0000000016b30000)]
  0x0000000014d10800 JavaThread "C1 CompilerThread2" daemon [_thread_blocked, id=15264, stack(0x0000000016530000,0x0000000016630000)]
  0x0000000014cfe800 JavaThread "C2 CompilerThread1" daemon [_thread_in_native, id=15260, stack(0x0000000016430000,0x0000000016530000)]
=>0x0000000014cf5800 JavaThread "C2 CompilerThread0" daemon [_thread_in_native, id=15256, stack(0x0000000016330000,0x0000000016430000)]
  0x0000000014cf4800 JavaThread "Attach Listener" daemon [_thread_blocked, id=15252, stack(0x0000000016230000,0x0000000016330000)]
  0x0000000014cf3800 JavaThread "Signal Dispatcher" daemon [_thread_blocked, id=15248, stack(0x0000000016130000,0x0000000016230000)]
  0x0000000014cd9000 JavaThread "Finalizer" daemon [_thread_blocked, id=15244, stack(0x0000000015f40000,0x0000000016040000)]
  0x0000000014cd8000 JavaThread "Reference Handler" daemon [_thread_blocked, id=15240, stack(0x0000000015e40000,0x0000000015f40000)]
  0x000000000277e800 JavaThread "main" [_thread_blocked, id=15200, stack(0x0000000000b80000,0x0000000000c80000)]

Other Threads:
  0x0000000014cb6000 VMThread [stack: 0x0000000015d40000,0x0000000015e40000] [id=15236]
  0x0000000016693800 WatcherThread [stack: 0x0000000016b30000,0x0000000016c30000] [id=15272]

VM state:synchronizing (normal execution)

VM Mutex/Monitor currently owned by a thread:  ([mutex/lock_event])
[0x0000000002450f50] Safepoint_lock - owner thread: 0x0000000014cb6000
[0x0000000002450d50] Threads_lock - owner thread: 0x0000000014cb6000
[0x0000000002450150] Heap_lock - owner thread: 0x0000000016de9800

heap address: 0x00000000c0000000, size: 1024 MB, Compressed Oops mode: 32-bit
Narrow klass base: 0x0000000000000000, Narrow klass shift: 3
Compressed class space size: 1073741824 Address: 0x0000000100000000

Heap:
 PSYoungGen      total 71680K, used 71659K [0x00000000eab00000, 0x00000000ef600000, 0x0000000100000000)
  eden space 66560K, 100% used [0x00000000eab00000,0x00000000eec00000,0x00000000eec00000)
  from space 5120K, 99% used [0x00000000ef100000,0x00000000ef5faca0,0x00000000ef600000)
  to   space 5120K, 0% used [0x00000000eec00000,0x00000000eec00000,0x00000000ef100000)
 ParOldGen       total 87552K, used 32758K [0x00000000c0000000, 0x00000000c5580000, 0x00000000eab00000)
  object space 87552K, 37% used [0x00000000c0000000,0x00000000c1ffdb98,0x00000000c5580000)
 Metaspace       used 11914K, capacity 12400K, committed 12672K, reserved 1060864K
  class space    used 1482K, capacity 1630K, committed 1664K, reserved 1048576K

Card table byte_map: [0x0000000011b40000,0x0000000011d50000] byte_map_base: 0x0000000011540000

Marking Bits: (ParMarkBitMap*) 0x0000000058238f30
 Begin Bits: [0x0000000012150000, 0x0000000013150000)
 End Bits:   [0x0000000013150000, 0x0000000014150000)

Polling page: 0x0000000000c80000

CodeCache: size=245760Kb used=5198Kb max_used=5210Kb free=240561Kb
 bounds [0x0000000002780000, 0x0000000002ca0000, 0x0000000011780000]
 total_blobs=1850 nmethods=1505 adapters=259
 compilation: enabled

Compilation events (10 events):
Event: 1.831 Thread 0x0000000014d10800 1513       3       com.android.tools.r8.n.a.a.a.g.n0::i (19 bytes)
Event: 1.831 Thread 0x0000000014d10800 nmethod 1513 0x0000000002c926d0 code [0x0000000002c92820, 0x0000000002c929f0]
Event: 1.831 Thread 0x0000000014d10800 1514       3       com.android.tools.r8.n.a.a.a.g.o0::get (22 bytes)
Event: 1.831 Thread 0x0000000014d10800 nmethod 1514 0x0000000002c93f90 code [0x0000000002c94100, 0x0000000002c94388]
Event: 1.831 Thread 0x0000000014d10800 1515       3       java.util.LinkedList::listIterator (15 bytes)
Event: 1.832 Thread 0x0000000014d10800 nmethod 1515 0x0000000002c96710 code [0x0000000002c968c0, 0x0000000002c96d48]
Event: 1.832 Thread 0x0000000014cfe800 nmethod 1494 0x0000000002c96f50 code [0x0000000002c97100, 0x0000000002c97c88]
Event: 1.832 Thread 0x0000000014cfe800 1516       4       java.util.ArrayList::grow (45 bytes)
Event: 1.833 Thread 0x0000000014d10800 1518       3       java.util.Arrays::hashCode (56 bytes)
Event: 1.833 Thread 0x0000000014d10800 nmethod 1518 0x0000000002c93950 code [0x0000000002c93ac0, 0x0000000002c93e48]

GC Heap History (8 events):
Event: 0.834 GC heap before
{Heap before GC invocations=1 (full 0):
 PSYoungGen      total 38400K, used 33280K [0x00000000eab00000, 0x00000000ed580000, 0x0000000100000000)
  eden space 33280K, 100% used [0x00000000eab00000,0x00000000ecb80000,0x00000000ecb80000)
  from space 5120K, 0% used [0x00000000ed080000,0x00000000ed080000,0x00000000ed580000)
  to   space 5120K, 0% used [0x00000000ecb80000,0x00000000ecb80000,0x00000000ed080000)
 ParOldGen       total 87552K, used 0K [0x00000000c0000000, 0x00000000c5580000, 0x00000000eab00000)
  object space 87552K, 0% used [0x00000000c0000000,0x00000000c0000000,0x00000000c5580000)
 Metaspace       used 7732K, capacity 7904K, committed 8192K, reserved 1056768K
  class space    used 866K, capacity 946K, committed 1024K, reserved 1048576K
Event: 0.842 GC heap after
Heap after GC invocations=1 (full 0):
 PSYoungGen      total 38400K, used 5107K [0x00000000eab00000, 0x00000000ed580000, 0x0000000100000000)
  eden space 33280K, 0% used [0x00000000eab00000,0x00000000eab00000,0x00000000ecb80000)
  from space 5120K, 99% used [0x00000000ecb80000,0x00000000ed07cf30,0x00000000ed080000)
  to   space 5120K, 0% used [0x00000000ed080000,0x00000000ed080000,0x00000000ed580000)
 ParOldGen       total 87552K, used 952K [0x00000000c0000000, 0x00000000c5580000, 0x00000000eab00000)
  object space 87552K, 1% used [0x00000000c0000000,0x00000000c00ee0c8,0x00000000c5580000)
 Metaspace       used 7732K, capacity 7904K, committed 8192K, reserved 1056768K
  class space    used 866K, capacity 946K, committed 1024K, reserved 1048576K
}
Event: 0.951 GC heap before
{Heap before GC invocations=2 (full 0):
 PSYoungGen      total 38400K, used 38387K [0x00000000eab00000, 0x00000000ed580000, 0x0000000100000000)
  eden space 33280K, 100% used [0x00000000eab00000,0x00000000ecb80000,0x00000000ecb80000)
  from space 5120K, 99% used [0x00000000ecb80000,0x00000000ed07cf30,0x00000000ed080000)
  to   space 5120K, 0% used [0x00000000ed080000,0x00000000ed080000,0x00000000ed580000)
 ParOldGen       total 87552K, used 952K [0x00000000c0000000, 0x00000000c5580000, 0x00000000eab00000)
  object space 87552K, 1% used [0x00000000c0000000,0x00000000c00ee0c8,0x00000000c5580000)
 Metaspace       used 7754K, capacity 7968K, committed 8192K, reserved 1056768K
  class space    used 866K, capacity 946K, committed 1024K, reserved 1048576K
Event: 0.963 GC heap after
Heap after GC invocations=2 (full 0):
 PSYoungGen      total 38400K, used 5115K [0x00000000eab00000, 0x00000000ef600000, 0x0000000100000000)
  eden space 33280K, 0% used [0x00000000eab00000,0x00000000eab00000,0x00000000ecb80000)
  from space 5120K, 99% used [0x00000000ed080000,0x00000000ed57ed30,0x00000000ed580000)
  to   space 5120K, 0% used [0x00000000ecb80000,0x00000000ecb80000,0x00000000ed080000)
 ParOldGen       total 87552K, used 13158K [0x00000000c0000000, 0x00000000c5580000, 0x00000000eab00000)
  object space 87552K, 15% used [0x00000000c0000000,0x00000000c0cd9b50,0x00000000c5580000)
 Metaspace       used 7754K, capacity 7968K, committed 8192K, reserved 1056768K
  class space    used 866K, capacity 946K, committed 1024K, reserved 1048576K
}
Event: 1.230 GC heap before
{Heap before GC invocations=3 (full 0):
 PSYoungGen      total 38400K, used 38395K [0x00000000eab00000, 0x00000000ef600000, 0x0000000100000000)
  eden space 33280K, 100% used [0x00000000eab00000,0x00000000ecb80000,0x00000000ecb80000)
  from space 5120K, 99% used [0x00000000ed080000,0x00000000ed57ed30,0x00000000ed580000)
  to   space 5120K, 0% used [0x00000000ecb80000,0x00000000ecb80000,0x00000000ed080000)
 ParOldGen       total 87552K, used 13158K [0x00000000c0000000, 0x00000000c5580000, 0x00000000eab00000)
  object space 87552K, 15% used [0x00000000c0000000,0x00000000c0cd9b50,0x00000000c5580000)
 Metaspace       used 8729K, capacity 9004K, committed 9088K, reserved 1056768K
  class space    used 965K, capacity 1068K, committed 1152K, reserved 1048576K
Event: 1.242 GC heap after
Heap after GC invocations=3 (full 0):
 PSYoungGen      total 38400K, used 5089K [0x00000000eab00000, 0x00000000ef600000, 0x0000000100000000)
  eden space 33280K, 0% used [0x00000000eab00000,0x00000000eab00000,0x00000000ecb80000)
  from space 5120K, 99% used [0x00000000ecb80000,0x00000000ed078448,0x00000000ed080000)
  to   space 5120K, 0% used [0x00000000ef100000,0x00000000ef100000,0x00000000ef600000)
 ParOldGen       total 87552K, used 24247K [0x00000000c0000000, 0x00000000c5580000, 0x00000000eab00000)
  object space 87552K, 27% used [0x00000000c0000000,0x00000000c17adf00,0x00000000c5580000)
 Metaspace       used 8729K, capacity 9004K, committed 9088K, reserved 1056768K
  class space    used 965K, capacity 1068K, committed 1152K, reserved 1048576K
}
Event: 1.341 GC heap before
{Heap before GC invocations=4 (full 0):
 PSYoungGen      total 38400K, used 38369K [0x00000000eab00000, 0x00000000ef600000, 0x0000000100000000)
  eden space 33280K, 100% used [0x00000000eab00000,0x00000000ecb80000,0x00000000ecb80000)
  from space 5120K, 99% used [0x00000000ecb80000,0x00000000ed078448,0x00000000ed080000)
  to   space 5120K, 0% used [0x00000000ef100000,0x00000000ef100000,0x00000000ef600000)
 ParOldGen       total 87552K, used 24247K [0x00000000c0000000, 0x00000000c5580000, 0x00000000eab00000)
  object space 87552K, 27% used [0x00000000c0000000,0x00000000c17adf00,0x00000000c5580000)
 Metaspace       used 8809K, capacity 9144K, committed 9344K, reserved 1056768K
  class space    used 968K, capacity 1068K, committed 1152K, reserved 1048576K
Event: 1.356 GC heap after
Heap after GC invocations=4 (full 0):
 PSYoungGen      total 71680K, used 5099K [0x00000000eab00000, 0x00000000ef600000, 0x0000000100000000)
  eden space 66560K, 0% used [0x00000000eab00000,0x00000000eab00000,0x00000000eec00000)
  from space 5120K, 99% used [0x00000000ef100000,0x00000000ef5faca0,0x00000000ef600000)
  to   space 5120K, 0% used [0x00000000eec00000,0x00000000eec00000,0x00000000ef100000)
 ParOldGen       total 87552K, used 32758K [0x00000000c0000000, 0x00000000c5580000, 0x00000000eab00000)
  object space 87552K, 37% used [0x00000000c0000000,0x00000000c1ffdb98,0x00000000c5580000)
 Metaspace       used 8809K, capacity 9144K, committed 9344K, reserved 1056768K
  class space    used 968K, capacity 1068K, committed 1152K, reserved 1048576K
}

Deoptimization events (10 events):
Event: 1.655 Thread 0x0000000016de7000 Uncommon trap: reason=bimorphic action=maybe_recompile pc=0x0000000002b7e30c method=com.android.tools.r8.m.a.a.a.A.b(Ljava/lang/Object;)I @ 8
Event: 1.655 Thread 0x0000000016de7000 Uncommon trap: reason=bimorphic action=maybe_recompile pc=0x0000000002b7e30c method=com.android.tools.r8.m.a.a.a.A.b(Ljava/lang/Object;)I @ 8
Event: 1.762 Thread 0x0000000016de9800 Uncommon trap: reason=speculate_class_check action=maybe_recompile pc=0x0000000002ae0d7c method=java.util.HashMap.putVal(ILjava/lang/Object;Ljava/lang/Object;ZZ)Ljava/lang/Object; @ 56
Event: 1.762 Thread 0x0000000016de9800 Uncommon trap: reason=speculate_class_check action=maybe_recompile pc=0x0000000002ae0d7c method=java.util.HashMap.putVal(ILjava/lang/Object;Ljava/lang/Object;ZZ)Ljava/lang/Object; @ 56
Event: 1.762 Thread 0x0000000016de7000 Uncommon trap: reason=speculate_class_check action=maybe_recompile pc=0x0000000002ae0d7c method=java.util.HashMap.putVal(ILjava/lang/Object;Ljava/lang/Object;ZZ)Ljava/lang/Object; @ 56
Event: 1.763 Thread 0x0000000016de7000 Uncommon trap: reason=speculate_class_check action=maybe_recompile pc=0x0000000002ae0d7c method=java.util.HashMap.putVal(ILjava/lang/Object;Ljava/lang/Object;ZZ)Ljava/lang/Object; @ 56
Event: 1.775 Thread 0x0000000016de7000 Uncommon trap: reason=unstable_if action=reinterpret pc=0x00000000029c1dd8 method=java.util.HashMap.keySet()Ljava/util/Set; @ 6
Event: 1.775 Thread 0x0000000016de7000 Uncommon trap: reason=unstable_if action=reinterpret pc=0x00000000029e722c method=java.util.HashMap$HashIterator.<init>(Ljava/util/HashMap;)V @ 38
Event: 1.801 Thread 0x0000000016de7000 Uncommon trap: reason=unstable_if action=reinterpret pc=0x0000000002b5a04c method=java.util.concurrent.ConcurrentHashMap.get(Ljava/lang/Object;)Ljava/lang/Object; @ 86
Event: 1.833 Thread 0x0000000016de7000 Uncommon trap: reason=unstable_if action=reinterpret pc=0x0000000002bdbcc8 method=java.util.Arrays.hashCode([Ljava/lang/Object;)I @ 34

Classes redefined (0 events):
No events

Internal exceptions (10 events):
Event: 0.785 Thread 0x000000000277e800 Exception <a 'java/security/PrivilegedActionException'> (0x00000000ec4962a0) thrown at [D:\j\worksp~1\openjd~3\jdk8u\hotspot\src\share\vm\prims\jvm.cpp, line 1508]
Event: 0.785 Thread 0x000000000277e800 Exception <a 'java/security/PrivilegedActionException'> (0x00000000ec4979e0) thrown at [D:\j\worksp~1\openjd~3\jdk8u\hotspot\src\share\vm\prims\jvm.cpp, line 1508]
Event: 0.785 Thread 0x000000000277e800 Exception <a 'java/security/PrivilegedActionException'> (0x00000000ec497bf0) thrown at [D:\j\worksp~1\openjd~3\jdk8u\hotspot\src\share\vm\prims\jvm.cpp, line 1508]
Event: 0.804 Thread 0x000000000277e800 Implicit null exception at 0x00000000029f623c to 0x00000000029f6bf1
Event: 0.832 Thread 0x000000000277e800 Implicit null exception at 0x00000000029fae65 to 0x00000000029fb4b9
Event: 0.862 Thread 0x000000000277e800 Implicit null exception at 0x00000000029f2338 to 0x00000000029f27fd
Event: 1.759 Thread 0x0000000016de9800 Exception <a 'java/lang/NoSuchMethodError': java.lang.Object.lambda$comparingInt$7b0bb60$1(Ljava/util/function/ToIntFunction;Ljava/lang/Object;Ljava/lang/Object;)I> (0x00000000ee9162c8) thrown at [D:\j\worksp~1\openjd~3\jdk8u\hotspot\src\share\vm\interpre
Event: 1.763 Thread 0x0000000016de9800 Exception <a 'java/lang/NoSuchMethodError': java.lang.Object.lambda$maxBy$1(Ljava/util/Comparator;Ljava/lang/Object;Ljava/lang/Object;)Ljava/lang/Object;> (0x00000000ee922350) thrown at [D:\j\worksp~1\openjd~3\jdk8u\hotspot\src\share\vm\interpreter\linkRe
Event: 1.775 Thread 0x0000000016de7000 Implicit null exception at 0x00000000029e6fb3 to 0x00000000029e7211
Event: 1.833 Thread 0x0000000016de7000 Implicit null exception at 0x0000000002bdba6c to 0x0000000002bdbca9

Events (10 events):
Event: 1.831 loading class com/android/tools/r8/code/InvokeVirtualRange done
Event: 1.832 loading class com/android/tools/r8/code/InvokeVirtual
Event: 1.832 loading class com/android/tools/r8/code/InvokeVirtual done
Event: 1.833 loading class com/android/tools/r8/cf/code/CfIf
Event: 1.833 loading class com/android/tools/r8/cf/code/CfIf done
Event: 1.833 Thread 0x0000000016de7000 Uncommon trap: trap_request=0xffffff65 fr.pc=0x0000000002bdbcc8
Event: 1.833 Thread 0x0000000016de7000 DEOPT PACKING pc=0x0000000002bdbcc8 sp=0x00000000184feb20
Event: 1.833 Thread 0x0000000016de7000 DEOPT UNPACKING pc=0x00000000027c557b sp=0x00000000184feab8 mode 2
Event: 1.833 loading class com/android/tools/r8/cf/code/CfIfCmp
Event: 1.833 loading class com/android/tools/r8/cf/code/CfIfCmp done


Dynamic libraries:
0x00007ff714b80000 - 0x00007ff714bb5000 	C:\Program Files\Android\Jdk\microsoft_dist_openjdk_1.8.0.25\bin\java.exe
0x00007ffbe92c0000 - 0x00007ffbe94b0000 	C:\WINDOWS\SYSTEM32\ntdll.dll
0x00007ffbe73a0000 - 0x00007ffbe7452000 	C:\WINDOWS\System32\KERNEL32.DLL
0x00007ffbe65a0000 - 0x00007ffbe6844000 	C:\WINDOWS\System32\KERNELBASE.dll
0x00007ffbe9170000 - 0x00007ffbe9213000 	C:\WINDOWS\System32\ADVAPI32.dll
0x00007ffbe90d0000 - 0x00007ffbe916e000 	C:\WINDOWS\System32\msvcrt.dll
0x00007ffbe7a20000 - 0x00007ffbe7ab7000 	C:\WINDOWS\System32\sechost.dll
0x00007ffbe87f0000 - 0x00007ffbe8910000 	C:\WINDOWS\System32\RPCRT4.dll
0x00007ffbe7460000 - 0x00007ffbe75f4000 	C:\WINDOWS\System32\USER32.dll
0x00007ffbe7120000 - 0x00007ffbe7141000 	C:\WINDOWS\System32\win32u.dll
0x00007ffbe7ba0000 - 0x00007ffbe7bc6000 	C:\WINDOWS\System32\GDI32.dll
0x00007ffbe6250000 - 0x00007ffbe63e4000 	C:\WINDOWS\System32\gdi32full.dll
0x00007ffbe7020000 - 0x00007ffbe70be000 	C:\WINDOWS\System32\msvcp_win.dll
0x00007ffbe63f0000 - 0x00007ffbe64ea000 	C:\WINDOWS\System32\ucrtbase.dll
0x00007ffbd7550000 - 0x00007ffbd77d4000 	C:\WINDOWS\WinSxS\amd64_microsoft.windows.common-controls_6595b64144ccf1df_6.0.18362.836_none_e6c4b943130f18ed\COMCTL32.dll
0x00007ffbe82c0000 - 0x00007ffbe85f6000 	C:\WINDOWS\System32\combase.dll
0x00007ffbe72a0000 - 0x00007ffbe7320000 	C:\WINDOWS\System32\bcryptPrimitives.dll
0x00007ffbe7370000 - 0x00007ffbe739e000 	C:\WINDOWS\System32\IMM32.DLL
0x00000000585e0000 - 0x00000000586b1000 	C:\Program Files\Android\Jdk\microsoft_dist_openjdk_1.8.0.25\jre\bin\msvcr100.dll
0x0000000057a70000 - 0x00000000582b5000 	C:\Program Files\Android\Jdk\microsoft_dist_openjdk_1.8.0.25\jre\bin\server\jvm.dll
0x00007ffbe7830000 - 0x00007ffbe7838000 	C:\WINDOWS\System32\PSAPI.DLL
0x00007ffbe1130000 - 0x00007ffbe1139000 	C:\WINDOWS\SYSTEM32\WSOCK32.dll
0x00007ffbe9060000 - 0x00007ffbe90cf000 	C:\WINDOWS\System32\WS2_32.dll
0x00007ffbe3e80000 - 0x00007ffbe3ea4000 	C:\WINDOWS\SYSTEM32\WINMM.dll
0x00007ffbe17f0000 - 0x00007ffbe17fa000 	C:\WINDOWS\SYSTEM32\VERSION.dll
0x00007ffbe3e50000 - 0x00007ffbe3e7d000 	C:\WINDOWS\SYSTEM32\winmmbase.dll
0x00007ffbe7320000 - 0x00007ffbe736a000 	C:\WINDOWS\System32\cfgmgr32.dll
0x00007ffbc6c60000 - 0x00007ffbc6c6f000 	C:\Program Files\Android\Jdk\microsoft_dist_openjdk_1.8.0.25\jre\bin\verify.dll
0x00007ffbb9f50000 - 0x00007ffbb9f79000 	C:\Program Files\Android\Jdk\microsoft_dist_openjdk_1.8.0.25\jre\bin\java.dll
0x00007ffbb9f30000 - 0x00007ffbb9f46000 	C:\Program Files\Android\Jdk\microsoft_dist_openjdk_1.8.0.25\jre\bin\zip.dll
0x00007ffbe7bd0000 - 0x00007ffbe82b4000 	C:\WINDOWS\System32\SHELL32.dll
0x00007ffbe7970000 - 0x00007ffbe7a19000 	C:\WINDOWS\System32\shcore.dll
0x00007ffbe6850000 - 0x00007ffbe6fce000 	C:\WINDOWS\System32\windows.storage.dll
0x00007ffbe61e0000 - 0x00007ffbe6203000 	C:\WINDOWS\System32\profapi.dll
0x00007ffbe6190000 - 0x00007ffbe61da000 	C:\WINDOWS\System32\powrprof.dll
0x00007ffbe6180000 - 0x00007ffbe6190000 	C:\WINDOWS\System32\UMPDC.dll
0x00007ffbe7b30000 - 0x00007ffbe7b82000 	C:\WINDOWS\System32\shlwapi.dll
0x00007ffbe6230000 - 0x00007ffbe6241000 	C:\WINDOWS\System32\kernel.appcore.dll
0x00007ffbe7000000 - 0x00007ffbe7017000 	C:\WINDOWS\System32\cryptsp.dll
0x00007ffbb9f10000 - 0x00007ffbb9f2a000 	C:\Program Files\Android\jdk\microsoft_dist_openjdk_1.8.0.25\jre\bin\net.dll
0x00007ffbe59f0000 - 0x00007ffbe5a57000 	C:\WINDOWS\system32\mswsock.dll
0x00007ffbb9670000 - 0x00007ffbb9681000 	C:\Program Files\Android\jdk\microsoft_dist_openjdk_1.8.0.25\jre\bin\nio.dll

VM Arguments:
jvm_args: -Xmx1G 
java_command: com.android.tools.r8.D8 --debug --min-api 21 --output obj\Debug\90\android\bin --lib C:\Program Files (x86)\Android\android-sdk\platforms\android-28\android.jar obj\Debug\90\android\bin\classes.zip C:\Program Files (x86)\Microsoft Visual Studio\2019\Community\Common7\IDE\ReferenceAssemblies\Microsoft\Framework\MonoAndroid\v9.0\mono.android.jar C:\Program Files (x86)\Microsoft Visual Studio\2019\Community\MSBuild\Xamarin\Android\java_runtime_fastdev.jar obj\Debug\90\lp\0\jl\formsviewgroup.jar obj\Debug\90\lp\1\jl\android.arch.core.common.jar obj\Debug\90\lp\10\jl\bin\classes.jar obj\Debug\90\lp\11\jl\com.android.support.collections.jar obj\Debug\90\lp\12\jl\bin\classes.jar obj\Debug\90\lp\13\jl\bin\classes.jar obj\Debug\90\lp\14\jl\bin\classes.jar obj\Debug\90\lp\15\jl\bin\classes.jar obj\Debug\90\lp\16\jl\bin\classes.jar obj\Debug\90\lp\17\jl\bin\classes.jar obj\Debug\90\lp\18\jl\bin\classes.jar obj\Debug\90\lp\19\jl\bin\classes.jar obj\Debug\90\lp\2\jl\bin\classes.jar obj\Debug\90\lp\20\jl\bin\classes.jar obj\Debug\90\lp\21\jl\bin\classes.jar obj\Debug\90\lp\22\jl\bin\classes.jar obj\Debug\90\lp\23\jl\bin\classes.jar obj\Debug\90\lp\24\jl\bin\classes.jar obj\Debug\90\lp\25\jl\bin\classes.jar obj\Debug\90\lp\26\jl\bin\classes.jar obj\Debug\90\lp\27\jl\bin\classes.jar obj\Debug\90\lp\28\jl\bin\classes.jar obj\Debug\90\lp\29\jl\bin\classes.jar obj\Debug\90\lp\3\jl\android.arch.lifecycle.common.jar obj\Debug\90\lp\30\jl\bin\classes.jar obj\Debug\90\lp\32\jl\bin\classes.jar obj\Debug\90\lp\33\jl\bin\classes.jar obj\Debug\90\lp\34\jl\bin\classes.jar obj\Debug\90\lp\35\jl\bin\classes.jar obj\Debug\90\lp\36\jl\bin\classes.jar obj\Debug\90\lp\37\jl\bin\classes.jar obj\Debug\90\lp\4\jl\bin\classes.jar obj\Debug\90\lp\5\jl\bin\classes.jar obj\Debug\90\lp\6\jl\bin\classes.jar obj\Debug\90\lp\7\jl\bin\classes.jar obj\Debug\90\lp\8\jl\bin\classes.jar obj\Debug\90\lp\9\jl\com.android.support.support-annotations.jar
java_class_path (initial): C:\Program Files (x86)\Microsoft Visual Studio\2019\Community\MSBuild\Xamarin\Android\r8.jar
Launcher Type: SUN_STANDARD

Environment Variables:
PATH=C:\Program Files\Android\Jdk\microsoft_dist_openjdk_1.8.0.25\bin;C:\Program Files (x86)\Common Files\Oracle\Java\javapath;C:\Python27\;C:\Python27\Scripts;C:\Program Files (x86)\Intel\iCLS Client\;C:\Program Files\Intel\iCLS Client\;C:\Windows\system32;C:\Windows;C:\Windows\System32\Wbem;C:\Windows\System32\WindowsPowerShell\v1.0\;C:\Program Files (x86)\NVIDIA Corporation\PhysX\Common;C:\Program Files (x86)\Intel\Intel(R) Management Engine Components\DAL;C:\Program Files\Intel\Intel(R) Management Engine Components\DAL;C:\Program Files (x86)\Intel\Intel(R) Management Engine Components\IPT;C:\Program Files\Intel\Intel(R) Management Engine Components\IPT;C:\WINDOWS\system32;C:\WINDOWS;C:\WINDOWS\System32\Wbem;C:\WINDOWS\System32\WindowsPowerShell\v1.0\;C:\WINDOWS\System32\OpenSSH\;C:\Program Files\nodejs\;C:\ProgramData\chocolatey\bin;C:\Program Files\Git\cmd;C:\Program Files\Microsoft SQL Server\130\Tools\Binn\;C:\Program Files\dotnet\;C:\Program Files\Microsoft SQL Server\Client SDK\ODBC\170\Tools\Binn\;C:\Users\asus\AppData\Local\Microsoft\WindowsApps;C:\Users\asus\AppData\Local\Programs\Microsoft VS Code\bin;C:\Users\asus\AppData\Roaming\npm;C:\gradle-6.0.1-all\gradle-6.0.1\bin;;C:\Program Files\JetBrains\PyCharm Community Edition 2019.3.2\bin;C:\Users\asus\.dotnet\tools
USERNAME=asus
OS=Windows_NT
PROCESSOR_IDENTIFIER=Intel64 Family 6 Model 142 Stepping 9, GenuineIntel



---------------  S Y S T E M  ---------------

OS: Windows 10.0 , 64 bit Build 18362 (10.0.18362.778)

CPU:total 4 (initial active 4) (2 cores per cpu, 2 threads per core) family 6 model 142 stepping 9, cmov, cx8, fxsr, mmx, sse, sse2, sse3, ssse3, sse4.1, sse4.2, popcnt, avx, avx2, aes, clmul, erms, 3dnowpref, lzcnt, ht, tsc, tscinvbit, bmi1, bmi2, adx

Memory: 4k page, physical 8268624k(1288116k free), swap 8268624k(5156k free)

vm_info: OpenJDK 64-Bit Server VM (25.71-b00) for windows-amd64 JRE (1.8.0-25-microsoft-b00), built on Feb  7 2019 20:09:14 by "builder" with MS VC++ 10.0 (VS2010)

time: Thu May 21 22:59:38 2020
timezone: Türkiye Standart Saati
elapsed time: 1 seconds (0d 0h 0m 1s)

