#
# There is insufficient memory for the Java Runtime Environment to continue.
# Native memory allocation (malloc) failed to allocate 325008 bytes for Chunk::new
# Possible reasons:
#   The system is out of physical RAM or swap space
#   The process is running with CompressedOops enabled, and the Java Heap may be blocking the growth of the native heap
# Possible solutions:
#   Reduce memory load on the system
#   Increase physical memory or swap space
#   Check if swap backing store is full
#   Decrease Java heap size (-Xmx/-Xms)
#   Decrease number of Java threads
#   Decrease Java thread stack sizes (-Xss)
#   Set larger code cache with -XX:ReservedCodeCacheSize=
#   JVM is running with Unscaled Compressed Oops mode in which the Java heap is
#     placed in the first 4GB address space. The Java Heap base address is the
#     maximum limit for the native heap growth. Please use -XX:HeapBaseMinAddress
#     to set the Java Heap base and to place the Java Heap above 4GB virtual address.
# This output file may be truncated or incomplete.
#
#  Out of Memory Error (allocation.cpp:389), pid=14564, tid=0x0000000000003860
#
# JRE version: OpenJDK Runtime Environment (8.0) (build 1.8.0-25-microsoft-b00)
# Java VM: OpenJDK 64-Bit Server VM (25.71-b00 mixed mode windows-amd64 compressed oops)
# Failed to write core dump. Minidumps are not enabled by default on client versions of Windows
#

---------------  T H R E A D  ---------------

Current thread (0x000000001532c000):  JavaThread "C2 CompilerThread1" daemon [_thread_in_native, id=14432, stack(0x0000000016a70000,0x0000000016b70000)]

Stack: [0x0000000016a70000,0x0000000016b70000]
[error occurred during error reporting (printing stack bounds), id 0xc0000005]

Native frames: (J=compiled Java code, j=interpreted, Vv=VM code, C=native code)


Current CompileTask:
C2:   7499 4063 %     4       com.android.tools.r8.ir.regalloc.LinearScanRegisterAllocator::a @ 1465 (1738 bytes)


---------------  P R O C E S S  ---------------

Java Threads: ( => current thread )
  0x0000000017697000 JavaThread "ForkJoinPool-1-worker-0" daemon [_thread_in_Java, id=14796, stack(0x0000000018b40000,0x0000000018c40000)]
  0x0000000017696000 JavaThread "ForkJoinPool-1-worker-1" daemon [_thread_in_Java, id=14868, stack(0x0000000018a40000,0x0000000018b40000)]
  0x0000000016ca9800 JavaThread "Service Thread" daemon [_thread_blocked, id=14928, stack(0x0000000017070000,0x0000000017170000)]
  0x000000001533d000 JavaThread "C1 CompilerThread2" daemon [_thread_blocked, id=14924, stack(0x0000000016b70000,0x0000000016c70000)]
=>0x000000001532c000 JavaThread "C2 CompilerThread1" daemon [_thread_in_native, id=14432, stack(0x0000000016a70000,0x0000000016b70000)]
  0x0000000015323800 JavaThread "C2 CompilerThread0" daemon [_thread_in_native, id=14880, stack(0x0000000016970000,0x0000000016a70000)]
  0x0000000015322800 JavaThread "Attach Listener" daemon [_thread_blocked, id=14948, stack(0x0000000016870000,0x0000000016970000)]
  0x0000000015329800 JavaThread "Signal Dispatcher" daemon [_thread_blocked, id=14896, stack(0x0000000016770000,0x0000000016870000)]
  0x0000000002c4c800 JavaThread "Finalizer" daemon [_thread_blocked, id=14940, stack(0x0000000016580000,0x0000000016680000)]
  0x0000000015309800 JavaThread "Reference Handler" daemon [_thread_blocked, id=14920, stack(0x0000000016480000,0x0000000016580000)]
  0x0000000002b3e800 JavaThread "main" [_thread_blocked, id=14708, stack(0x0000000002960000,0x0000000002a60000)]

Other Threads:
  0x00000000152e5800 VMThread [stack: 0x0000000016380000,0x0000000016480000] [id=14876]
  0x0000000016caa000 WatcherThread [stack: 0x0000000017170000,0x0000000017270000] [id=14932]

VM state:not at safepoint (normal execution)

VM Mutex/Monitor currently owned by a thread: None

heap address: 0x00000000c0000000, size: 1024 MB, Compressed Oops mode: 32-bit
Narrow klass base: 0x0000000000000000, Narrow klass shift: 3
Compressed class space size: 1073741824 Address: 0x0000000100000000

Heap:
 PSYoungGen      total 71680K, used 15111K [0x00000000eab00000, 0x00000000f1580000, 0x0000000100000000)
  eden space 66560K, 15% used [0x00000000eab00000,0x00000000eb4c90f0,0x00000000eec00000)
  from space 5120K, 99% used [0x00000000eec00000,0x00000000ef0f8e48,0x00000000ef100000)
  to   space 15872K, 0% used [0x00000000f0600000,0x00000000f0600000,0x00000000f1580000)
 ParOldGen       total 102912K, used 37919K [0x00000000c0000000, 0x00000000c6480000, 0x00000000eab00000)
  object space 102912K, 36% used [0x00000000c0000000,0x00000000c2507d40,0x00000000c6480000)
 Metaspace       used 15101K, capacity 15734K, committed 15872K, reserved 1062912K
  class space    used 1776K, capacity 1961K, committed 2048K, reserved 1048576K

Card table byte_map: [0x0000000012010000,0x0000000012220000] byte_map_base: 0x0000000011a10000

Marking Bits: (ParMarkBitMap*) 0x0000000058238f30
 Begin Bits: [0x0000000012780000, 0x0000000013780000)
 End Bits:   [0x0000000013780000, 0x0000000014780000)

Polling page: 0x0000000000c60000

CodeCache: size=245760Kb used=13494Kb max_used=14406Kb free=232265Kb
 bounds [0x0000000002c50000, 0x0000000003ae0000, 0x0000000011c50000]
 total_blobs=4047 nmethods=3698 adapters=261
 compilation: enabled

Compilation events (10 events):
Event: 7.359 Thread 0x000000001533d000 4398       2       java.util.LinkedHashMap$LinkedHashIterator::remove (77 bytes)
Event: 7.360 Thread 0x000000001533d000 nmethod 4398 0x0000000002f032d0 code [0x0000000002f03480, 0x0000000002f03838]
Event: 7.360 Thread 0x000000001533d000 4399       2       java.util.LinkedHashMap::afterNodeRemoval (65 bytes)
Event: 7.360 Thread 0x000000001533d000 nmethod 4399 0x0000000003125210 code [0x0000000003125380, 0x00000000031255d0]
Event: 7.379 Thread 0x000000001533d000 4400       2       com.android.tools.r8.t.a.a.f::a (4166 bytes)
Event: 7.410 Thread 0x000000001533d000 nmethod 4400 0x0000000003ab6cd0 code [0x0000000003ab7ca0, 0x0000000003ac1748]
Event: 7.440 Thread 0x000000001533d000 4401       2       com.android.tools.r8.ir.conversion.IRConverter::a (542 bytes)
Event: 7.444 Thread 0x000000001533d000 nmethod 4401 0x0000000003422450 code [0x00000000034228c0, 0x0000000003424158]
Event: 7.458 Thread 0x000000001533d000 4402       2       com.android.tools.r8.ir.code.h0::b (90 bytes)
Event: 7.459 Thread 0x000000001533d000 nmethod 4402 0x00000000032f2d90 code [0x00000000032f2f00, 0x00000000032f3268]

GC Heap History (10 events):
Event: 6.172 GC heap before
{Heap before GC invocations=20 (full 1):
 PSYoungGen      total 71680K, used 1700K [0x00000000eab00000, 0x00000000ef600000, 0x0000000100000000)
  eden space 66560K, 0% used [0x00000000eab00000,0x00000000eab00000,0x00000000eec00000)
  from space 5120K, 33% used [0x00000000eec00000,0x00000000eeda9120,0x00000000ef100000)
  to   space 5120K, 0% used [0x00000000ef100000,0x00000000ef100000,0x00000000ef600000)
 ParOldGen       total 87552K, used 74808K [0x00000000c0000000, 0x00000000c5580000, 0x00000000eab00000)
  object space 87552K, 85% used [0x00000000c0000000,0x00000000c490e330,0x00000000c5580000)
 Metaspace       used 15108K, capacity 15758K, committed 15872K, reserved 1062912K
  class space    used 1780K, capacity 1967K, committed 2048K, reserved 1048576K
Event: 6.448 GC heap after
Heap after GC invocations=20 (full 1):
 PSYoungGen      total 71680K, used 0K [0x00000000eab00000, 0x00000000ef600000, 0x0000000100000000)
  eden space 66560K, 0% used [0x00000000eab00000,0x00000000eab00000,0x00000000eec00000)
  from space 5120K, 0% used [0x00000000eec00000,0x00000000eec00000,0x00000000ef100000)
  to   space 5120K, 0% used [0x00000000ef100000,0x00000000ef100000,0x00000000ef600000)
 ParOldGen       total 102912K, used 37887K [0x00000000c0000000, 0x00000000c6480000, 0x00000000eab00000)
  object space 102912K, 36% used [0x00000000c0000000,0x00000000c24ffce0,0x00000000c6480000)
 Metaspace       used 15098K, capacity 15734K, committed 15872K, reserved 1062912K
  class space    used 1776K, capacity 1961K, committed 2048K, reserved 1048576K
}
Event: 6.683 GC heap before
{Heap before GC invocations=21 (full 1):
 PSYoungGen      total 71680K, used 66560K [0x00000000eab00000, 0x00000000ef600000, 0x0000000100000000)
  eden space 66560K, 100% used [0x00000000eab00000,0x00000000eec00000,0x00000000eec00000)
  from space 5120K, 0% used [0x00000000eec00000,0x00000000eec00000,0x00000000ef100000)
  to   space 5120K, 0% used [0x00000000ef100000,0x00000000ef100000,0x00000000ef600000)
 ParOldGen       total 102912K, used 37887K [0x00000000c0000000, 0x00000000c6480000, 0x00000000eab00000)
  object space 102912K, 36% used [0x00000000c0000000,0x00000000c24ffce0,0x00000000c6480000)
 Metaspace       used 15100K, capacity 15734K, committed 15872K, reserved 1062912K
  class space    used 1776K, capacity 1961K, committed 2048K, reserved 1048576K
Event: 6.687 GC heap after
Heap after GC invocations=21 (full 1):
 PSYoungGen      total 71680K, used 1184K [0x00000000eab00000, 0x00000000ef600000, 0x0000000100000000)
  eden space 66560K, 0% used [0x00000000eab00000,0x00000000eab00000,0x00000000eec00000)
  from space 5120K, 23% used [0x00000000ef100000,0x00000000ef228000,0x00000000ef600000)
  to   space 5120K, 0% used [0x00000000eec00000,0x00000000eec00000,0x00000000ef100000)
 ParOldGen       total 102912K, used 37887K [0x00000000c0000000, 0x00000000c6480000, 0x00000000eab00000)
  object space 102912K, 36% used [0x00000000c0000000,0x00000000c24ffce0,0x00000000c6480000)
 Metaspace       used 15100K, capacity 15734K, committed 15872K, reserved 1062912K
  class space    used 1776K, capacity 1961K, committed 2048K, reserved 1048576K
}
Event: 6.929 GC heap before
{Heap before GC invocations=22 (full 1):
 PSYoungGen      total 71680K, used 67744K [0x00000000eab00000, 0x00000000ef600000, 0x0000000100000000)
  eden space 66560K, 100% used [0x00000000eab00000,0x00000000eec00000,0x00000000eec00000)
  from space 5120K, 23% used [0x00000000ef100000,0x00000000ef228000,0x00000000ef600000)
  to   space 5120K, 0% used [0x00000000eec00000,0x00000000eec00000,0x00000000ef100000)
 ParOldGen       total 102912K, used 37887K [0x00000000c0000000, 0x00000000c6480000, 0x00000000eab00000)
  object space 102912K, 36% used [0x00000000c0000000,0x00000000c24ffce0,0x00000000c6480000)
 Metaspace       used 15101K, capacity 15734K, committed 15872K, reserved 1062912K
  class space    used 1776K, capacity 1961K, committed 2048K, reserved 1048576K
Event: 6.934 GC heap after
Heap after GC invocations=22 (full 1):
 PSYoungGen      total 71680K, used 2787K [0x00000000eab00000, 0x00000000ef600000, 0x0000000100000000)
  eden space 66560K, 0% used [0x00000000eab00000,0x00000000eab00000,0x00000000eec00000)
  from space 5120K, 54% used [0x00000000eec00000,0x00000000eeeb8e48,0x00000000ef100000)
  to   space 5120K, 0% used [0x00000000ef100000,0x00000000ef100000,0x00000000ef600000)
 ParOldGen       total 102912K, used 37887K [0x00000000c0000000, 0x00000000c6480000, 0x00000000eab00000)
  object space 102912K, 36% used [0x00000000c0000000,0x00000000c24ffce0,0x00000000c6480000)
 Metaspace       used 15101K, capacity 15734K, committed 15872K, reserved 1062912K
  class space    used 1776K, capacity 1961K, committed 2048K, reserved 1048576K
}
Event: 7.141 GC heap before
{Heap before GC invocations=23 (full 1):
 PSYoungGen      total 71680K, used 69347K [0x00000000eab00000, 0x00000000ef600000, 0x0000000100000000)
  eden space 66560K, 100% used [0x00000000eab00000,0x00000000eec00000,0x00000000eec00000)
  from space 5120K, 54% used [0x00000000eec00000,0x00000000eeeb8e48,0x00000000ef100000)
  to   space 5120K, 0% used [0x00000000ef100000,0x00000000ef100000,0x00000000ef600000)
 ParOldGen       total 102912K, used 37887K [0x00000000c0000000, 0x00000000c6480000, 0x00000000eab00000)
  object space 102912K, 36% used [0x00000000c0000000,0x00000000c24ffce0,0x00000000c6480000)
 Metaspace       used 15101K, capacity 15734K, committed 15872K, reserved 1062912K
  class space    used 1776K, capacity 1961K, committed 2048K, reserved 1048576K
Event: 7.148 GC heap after
Heap after GC invocations=23 (full 1):
 PSYoungGen      total 71680K, used 3776K [0x00000000eab00000, 0x00000000ef600000, 0x0000000100000000)
  eden space 66560K, 0% used [0x00000000eab00000,0x00000000eab00000,0x00000000eec00000)
  from space 5120K, 73% used [0x00000000ef100000,0x00000000ef4b0000,0x00000000ef600000)
  to   space 5120K, 0% used [0x00000000eec00000,0x00000000eec00000,0x00000000ef100000)
 ParOldGen       total 102912K, used 37887K [0x00000000c0000000, 0x00000000c6480000, 0x00000000eab00000)
  object space 102912K, 36% used [0x00000000c0000000,0x00000000c24ffce0,0x00000000c6480000)
 Metaspace       used 15101K, capacity 15734K, committed 15872K, reserved 1062912K
  class space    used 1776K, capacity 1961K, committed 2048K, reserved 1048576K
}
Event: 7.461 GC heap before
{Heap before GC invocations=24 (full 1):
 PSYoungGen      total 71680K, used 70336K [0x00000000eab00000, 0x00000000ef600000, 0x0000000100000000)
  eden space 66560K, 100% used [0x00000000eab00000,0x00000000eec00000,0x00000000eec00000)
  from space 5120K, 73% used [0x00000000ef100000,0x00000000ef4b0000,0x00000000ef600000)
  to   space 5120K, 0% used [0x00000000eec00000,0x00000000eec00000,0x00000000ef100000)
 ParOldGen       total 102912K, used 37887K [0x00000000c0000000, 0x00000000c6480000, 0x00000000eab00000)
  object space 102912K, 36% used [0x00000000c0000000,0x00000000c24ffce0,0x00000000c6480000)
 Metaspace       used 15101K, capacity 15734K, committed 15872K, reserved 1062912K
  class space    used 1776K, capacity 1961K, committed 2048K, reserved 1048576K
Event: 7.471 GC heap after
Heap after GC invocations=24 (full 1):
 PSYoungGen      total 71680K, used 5091K [0x00000000eab00000, 0x00000000f1580000, 0x0000000100000000)
  eden space 66560K, 0% used [0x00000000eab00000,0x00000000eab00000,0x00000000eec00000)
  from space 5120K, 99% used [0x00000000eec00000,0x00000000ef0f8e48,0x00000000ef100000)
  to   space 15872K, 0% used [0x00000000f0600000,0x00000000f0600000,0x00000000f1580000)
 ParOldGen       total 102912K, used 37919K [0x00000000c0000000, 0x00000000c6480000, 0x00000000eab00000)
  object space 102912K, 36% used [0x00000000c0000000,0x00000000c2507d40,0x00000000c6480000)
 Metaspace       used 15101K, capacity 15734K, committed 15872K, reserved 1062912K
  class space    used 1776K, capacity 1961K, committed 2048K, reserved 1048576K
}

Deoptimization events (10 events):
Event: 6.000 Thread 0x0000000017697000 Uncommon trap: reason=class_check action=maybe_recompile pc=0x00000000039de550 method=com.android.tools.r8.ir.analysis.g.e.b(Lcom/android/tools/r8/ir/code/Instruction;)V @ 139
Event: 6.000 Thread 0x0000000017697000 Uncommon trap: reason=class_check action=maybe_recompile pc=0x00000000039de550 method=com.android.tools.r8.ir.analysis.g.e.b(Lcom/android/tools/r8/ir/code/Instruction;)V @ 139
Event: 6.000 Thread 0x0000000017697000 Uncommon trap: reason=class_check action=maybe_recompile pc=0x00000000039de550 method=com.android.tools.r8.ir.analysis.g.e.b(Lcom/android/tools/r8/ir/code/Instruction;)V @ 139
Event: 6.487 Thread 0x0000000017696000 Uncommon trap: reason=bimorphic action=maybe_recompile pc=0x0000000002eb785c method=java.util.HashMap.putVal(ILjava/lang/Object;Ljava/lang/Object;ZZ)Ljava/lang/Object; @ 91
Event: 6.487 Thread 0x0000000017696000 Uncommon trap: reason=bimorphic action=maybe_recompile pc=0x0000000002eb785c method=java.util.HashMap.putVal(ILjava/lang/Object;Ljava/lang/Object;ZZ)Ljava/lang/Object; @ 91
Event: 6.487 Thread 0x0000000017696000 Uncommon trap: reason=bimorphic action=maybe_recompile pc=0x0000000002eb785c method=java.util.HashMap.putVal(ILjava/lang/Object;Ljava/lang/Object;ZZ)Ljava/lang/Object; @ 91
Event: 6.611 Thread 0x0000000017697000 Uncommon trap: reason=unstable_if action=reinterpret pc=0x0000000003957ba0 method=com.android.tools.r8.ir.conversion.V.a(Lcom/android/tools/r8/t/a/a/B;Lcom/android/tools/r8/t/a/a/B;)Z @ 211
Event: 6.760 Thread 0x0000000017697000 Uncommon trap: reason=unstable_if action=reinterpret pc=0x00000000031c5630 method=com.android.tools.r8.ir.conversion.N.b(Lcom/android/tools/r8/t/a/a/G/a;)Z @ 27
Event: 7.091 Thread 0x0000000017696000 Uncommon trap: reason=predicate action=maybe_recompile pc=0x0000000003a86b20 method=com.android.tools.r8.t.a.a.f.a(Lcom/android/tools/r8/t/a/a/h;[Lcom/android/tools/r8/t/a/a/d;I)V @ 1553
Event: 7.353 Thread 0x0000000017696000 Uncommon trap: reason=unstable_if action=reinterpret pc=0x00000000035f52d0 method=java.util.ArrayDeque.addFirst(Ljava/lang/Object;)V @ 45

Classes redefined (0 events):
No events

Internal exceptions (10 events):
Event: 0.601 Thread 0x0000000002b3e800 Exception <a 'java/security/PrivilegedActionException'> (0x00000000ec4e0530) thrown at [D:\j\worksp~1\openjd~3\jdk8u\hotspot\src\share\vm\prims\jvm.cpp, line 1508]
Event: 0.617 Thread 0x0000000002b3e800 Implicit null exception at 0x0000000002eb69fc to 0x0000000002eb73b1
Event: 0.642 Thread 0x0000000002b3e800 Implicit null exception at 0x0000000002eb0ebc to 0x0000000002eb1871
Event: 0.655 Thread 0x0000000002b3e800 Implicit null exception at 0x0000000002ea8225 to 0x0000000002ea8879
Event: 0.656 Thread 0x0000000002b3e800 Implicit null exception at 0x0000000002ea3e38 to 0x0000000002ea42fd
Event: 1.411 Thread 0x0000000017697000 Implicit null exception at 0x00000000030b9531 to 0x00000000030baa19
Event: 1.503 Thread 0x0000000017696000 Exception <a 'java/lang/NoSuchMethodError': java.lang.Object.lambda$comparingInt$7b0bb60$1(Ljava/util/function/ToIntFunction;Ljava/lang/Object;Ljava/lang/Object;)I> (0x00000000eea17b00) thrown at [D:\j\worksp~1\openjd~3\jdk8u\hotspot\src\share\vm\interpre
Event: 1.505 Thread 0x0000000017696000 Exception <a 'java/lang/NoSuchMethodError': java.lang.Object.lambda$maxBy$1(Ljava/util/Comparator;Ljava/lang/Object;Ljava/lang/Object;)Ljava/lang/Object;> (0x00000000eea23b88) thrown at [D:\j\worksp~1\openjd~3\jdk8u\hotspot\src\share\vm\interpreter\linkRe
Event: 1.508 Thread 0x0000000017697000 Exception <a 'java/lang/NoSuchMethodError': java.lang.Object.lambda$comparingInt$7b0bb60$1(Ljava/util/function/ToIntFunction;Ljava/lang/Object;Ljava/lang/Object;)I> (0x00000000ee9d8e30) thrown at [D:\j\worksp~1\openjd~3\jdk8u\hotspot\src\share\vm\interpre
Event: 1.589 Thread 0x0000000017697000 Implicit null exception at 0x00000000030adbac to 0x00000000030adde9

Events (10 events):
Event: 7.353 Thread 0x0000000017696000 DEOPT PACKING pc=0x00000000035f52d0 sp=0x0000000018b3e5c0
Event: 7.353 Thread 0x0000000017696000 DEOPT UNPACKING pc=0x0000000002c9557b sp=0x0000000018b3e550 mode 2
Event: 7.421 Thread 0x0000000017697000 DEOPT PACKING pc=0x000000000348b504 sp=0x0000000018c3e6e0
Event: 7.421 Thread 0x0000000017697000 DEOPT UNPACKING pc=0x0000000002c975d0 sp=0x0000000018c3e4c8 mode 0
Event: 7.445 Thread 0x0000000017696000 DEOPT PACKING pc=0x0000000003898b75 sp=0x0000000018b3e6a0
Event: 7.445 Thread 0x0000000017696000 DEOPT UNPACKING pc=0x0000000002c975d0 sp=0x0000000018b3e520 mode 0
Event: 7.460 Executing VM operation: ParallelGCFailedAllocation
Event: 7.471 Executing VM operation: ParallelGCFailedAllocation done
Event: 7.472 Thread 0x0000000017696000 DEOPT PACKING pc=0x000000000344fe4d sp=0x0000000018b3e140
Event: 7.472 Thread 0x0000000017696000 DEOPT UNPACKING pc=0x0000000002c975d0 sp=0x0000000018b3e1b0 mode 0


Dynamic libraries:
0x00007ff714b80000 - 0x00007ff714bb5000 	C:\Program Files\Android\Jdk\microsoft_dist_openjdk_1.8.0.25\bin\java.exe
0x00007ffbe92c0000 - 0x00007ffbe94b0000 	C:\WINDOWS\SYSTEM32\ntdll.dll
0x00007ffbe73a0000 - 0x00007ffbe7452000 	C:\WINDOWS\System32\KERNEL32.DLL
0x00007ffbe65a0000 - 0x00007ffbe6844000 	C:\WINDOWS\System32\KERNELBASE.dll
0x00007ffbe9170000 - 0x00007ffbe9213000 	C:\WINDOWS\System32\ADVAPI32.dll
0x00007ffbe90d0000 - 0x00007ffbe916e000 	C:\WINDOWS\System32\msvcrt.dll
0x00007ffbe7a20000 - 0x00007ffbe7ab7000 	C:\WINDOWS\System32\sechost.dll
0x00007ffbe87f0000 - 0x00007ffbe8910000 	C:\WINDOWS\System32\RPCRT4.dll
0x00007ffbe7460000 - 0x00007ffbe75f4000 	C:\WINDOWS\System32\USER32.dll
0x00007ffbe7120000 - 0x00007ffbe7141000 	C:\WINDOWS\System32\win32u.dll
0x00007ffbe7ba0000 - 0x00007ffbe7bc6000 	C:\WINDOWS\System32\GDI32.dll
0x00007ffbe6250000 - 0x00007ffbe63e4000 	C:\WINDOWS\System32\gdi32full.dll
0x00007ffbe7020000 - 0x00007ffbe70be000 	C:\WINDOWS\System32\msvcp_win.dll
0x00007ffbe63f0000 - 0x00007ffbe64ea000 	C:\WINDOWS\System32\ucrtbase.dll
0x00007ffbd7550000 - 0x00007ffbd77d4000 	C:\WINDOWS\WinSxS\amd64_microsoft.windows.common-controls_6595b64144ccf1df_6.0.18362.836_none_e6c4b943130f18ed\COMCTL32.dll
0x00007ffbe82c0000 - 0x00007ffbe85f6000 	C:\WINDOWS\System32\combase.dll
0x00007ffbe72a0000 - 0x00007ffbe7320000 	C:\WINDOWS\System32\bcryptPrimitives.dll
0x00007ffbe7370000 - 0x00007ffbe739e000 	C:\WINDOWS\System32\IMM32.DLL
0x00000000585e0000 - 0x00000000586b1000 	C:\Program Files\Android\Jdk\microsoft_dist_openjdk_1.8.0.25\jre\bin\msvcr100.dll
0x0000000057a70000 - 0x00000000582b5000 	C:\Program Files\Android\Jdk\microsoft_dist_openjdk_1.8.0.25\jre\bin\server\jvm.dll
0x00007ffbe7830000 - 0x00007ffbe7838000 	C:\WINDOWS\System32\PSAPI.DLL
0x00007ffbe17f0000 - 0x00007ffbe17fa000 	C:\WINDOWS\SYSTEM32\VERSION.dll
0x00007ffbe1130000 - 0x00007ffbe1139000 	C:\WINDOWS\SYSTEM32\WSOCK32.dll
0x00007ffbe3e80000 - 0x00007ffbe3ea4000 	C:\WINDOWS\SYSTEM32\WINMM.dll
0x00007ffbe9060000 - 0x00007ffbe90cf000 	C:\WINDOWS\System32\WS2_32.dll
0x00007ffbe3e50000 - 0x00007ffbe3e7d000 	C:\WINDOWS\SYSTEM32\WINMMBASE.dll
0x00007ffbe7320000 - 0x00007ffbe736a000 	C:\WINDOWS\System32\cfgmgr32.dll
0x00007ffbc6c60000 - 0x00007ffbc6c6f000 	C:\Program Files\Android\Jdk\microsoft_dist_openjdk_1.8.0.25\jre\bin\verify.dll
0x00007ffbb9f50000 - 0x00007ffbb9f79000 	C:\Program Files\Android\Jdk\microsoft_dist_openjdk_1.8.0.25\jre\bin\java.dll
0x00007ffbb9f30000 - 0x00007ffbb9f46000 	C:\Program Files\Android\Jdk\microsoft_dist_openjdk_1.8.0.25\jre\bin\zip.dll
0x00007ffbe7bd0000 - 0x00007ffbe82b4000 	C:\WINDOWS\System32\SHELL32.dll
0x00007ffbe7970000 - 0x00007ffbe7a19000 	C:\WINDOWS\System32\shcore.dll
0x00007ffbe6850000 - 0x00007ffbe6fce000 	C:\WINDOWS\System32\windows.storage.dll
0x00007ffbe61e0000 - 0x00007ffbe6203000 	C:\WINDOWS\System32\profapi.dll
0x00007ffbe6190000 - 0x00007ffbe61da000 	C:\WINDOWS\System32\powrprof.dll
0x00007ffbe6180000 - 0x00007ffbe6190000 	C:\WINDOWS\System32\UMPDC.dll
0x00007ffbe7b30000 - 0x00007ffbe7b82000 	C:\WINDOWS\System32\shlwapi.dll
0x00007ffbe6230000 - 0x00007ffbe6241000 	C:\WINDOWS\System32\kernel.appcore.dll
0x00007ffbe7000000 - 0x00007ffbe7017000 	C:\WINDOWS\System32\cryptsp.dll
0x00007ffbb9f10000 - 0x00007ffbb9f2a000 	C:\Program Files\Android\jdk\microsoft_dist_openjdk_1.8.0.25\jre\bin\net.dll
0x00007ffbe59f0000 - 0x00007ffbe5a57000 	C:\WINDOWS\system32\mswsock.dll
0x00007ffbb9670000 - 0x00007ffbb9681000 	C:\Program Files\Android\jdk\microsoft_dist_openjdk_1.8.0.25\jre\bin\nio.dll

VM Arguments:
jvm_args: -Xmx1G 
java_command: com.android.tools.r8.D8 --debug --min-api 21 --output obj\Debug\90\android\bin --lib C:\Program Files (x86)\Android\android-sdk\platforms\android-28\android.jar obj\Debug\90\android\bin\classes.zip C:\Program Files (x86)\Microsoft Visual Studio\2019\Community\Common7\IDE\ReferenceAssemblies\Microsoft\Framework\MonoAndroid\v9.0\mono.android.jar C:\Program Files (x86)\Microsoft Visual Studio\2019\Community\MSBuild\Xamarin\Android\java_runtime_fastdev.jar obj\Debug\90\lp\0\jl\formsviewgroup.jar obj\Debug\90\lp\1\jl\android.arch.core.common.jar obj\Debug\90\lp\10\jl\bin\classes.jar obj\Debug\90\lp\11\jl\com.android.support.collections.jar obj\Debug\90\lp\12\jl\bin\classes.jar obj\Debug\90\lp\13\jl\bin\classes.jar obj\Debug\90\lp\14\jl\bin\classes.jar obj\Debug\90\lp\15\jl\bin\classes.jar obj\Debug\90\lp\16\jl\bin\classes.jar obj\Debug\90\lp\17\jl\bin\classes.jar obj\Debug\90\lp\18\jl\bin\classes.jar obj\Debug\90\lp\19\jl\bin\classes.jar obj\Debug\90\lp\2\jl\bin\classes.jar obj\Debug\90\lp\20\jl\bin\classes.jar obj\Debug\90\lp\21\jl\bin\classes.jar obj\Debug\90\lp\22\jl\bin\classes.jar obj\Debug\90\lp\23\jl\bin\classes.jar obj\Debug\90\lp\24\jl\bin\classes.jar obj\Debug\90\lp\25\jl\bin\classes.jar obj\Debug\90\lp\26\jl\bin\classes.jar obj\Debug\90\lp\27\jl\bin\classes.jar obj\Debug\90\lp\28\jl\bin\classes.jar obj\Debug\90\lp\29\jl\bin\classes.jar obj\Debug\90\lp\3\jl\android.arch.lifecycle.common.jar obj\Debug\90\lp\30\jl\bin\classes.jar obj\Debug\90\lp\32\jl\bin\classes.jar obj\Debug\90\lp\33\jl\bin\classes.jar obj\Debug\90\lp\34\jl\bin\classes.jar obj\Debug\90\lp\35\jl\bin\classes.jar obj\Debug\90\lp\36\jl\bin\classes.jar obj\Debug\90\lp\37\jl\bin\classes.jar obj\Debug\90\lp\4\jl\bin\classes.jar obj\Debug\90\lp\5\jl\bin\classes.jar obj\Debug\90\lp\6\jl\bin\classes.jar obj\Debug\90\lp\7\jl\bin\classes.jar obj\Debug\90\lp\8\jl\bin\classes.jar obj\Debug\90\lp\9\jl\com.android.support.support-annotations.jar
java_class_path (initial): C:\Program Files (x86)\Microsoft Visual Studio\2019\Community\MSBuild\Xamarin\Android\r8.jar
Launcher Type: SUN_STANDARD

Environment Variables:
PATH=C:\Program Files\Android\Jdk\microsoft_dist_openjdk_1.8.0.25\bin;C:\Program Files (x86)\Common Files\Oracle\Java\javapath;C:\Python27\;C:\Python27\Scripts;C:\Program Files (x86)\Intel\iCLS Client\;C:\Program Files\Intel\iCLS Client\;C:\Windows\system32;C:\Windows;C:\Windows\System32\Wbem;C:\Windows\System32\WindowsPowerShell\v1.0\;C:\Program Files (x86)\NVIDIA Corporation\PhysX\Common;C:\Program Files (x86)\Intel\Intel(R) Management Engine Components\DAL;C:\Program Files\Intel\Intel(R) Management Engine Components\DAL;C:\Program Files (x86)\Intel\Intel(R) Management Engine Components\IPT;C:\Program Files\Intel\Intel(R) Management Engine Components\IPT;C:\WINDOWS\system32;C:\WINDOWS;C:\WINDOWS\System32\Wbem;C:\WINDOWS\System32\WindowsPowerShell\v1.0\;C:\WINDOWS\System32\OpenSSH\;C:\Program Files\nodejs\;C:\ProgramData\chocolatey\bin;C:\Program Files\Git\cmd;C:\Program Files\Microsoft SQL Server\130\Tools\Binn\;C:\Program Files\dotnet\;C:\Program Files\Microsoft SQL Server\Client SDK\ODBC\170\Tools\Binn\;C:\Users\asus\AppData\Local\Microsoft\WindowsApps;C:\Users\asus\AppData\Local\Programs\Microsoft VS Code\bin;C:\Users\asus\AppData\Roaming\npm;C:\gradle-6.0.1-all\gradle-6.0.1\bin;;C:\Program Files\JetBrains\PyCharm Community Edition 2019.3.2\bin;C:\Users\asus\.dotnet\tools
USERNAME=asus
OS=Windows_NT
PROCESSOR_IDENTIFIER=Intel64 Family 6 Model 142 Stepping 9, GenuineIntel



---------------  S Y S T E M  ---------------

OS: Windows 10.0 , 64 bit Build 18362 (10.0.18362.778)

CPU:total 4 (initial active 4) (2 cores per cpu, 2 threads per core) family 6 model 142 stepping 9, cmov, cx8, fxsr, mmx, sse, sse2, sse3, ssse3, sse4.1, sse4.2, popcnt, avx, avx2, aes, clmul, erms, 3dnowpref, lzcnt, ht, tsc, tscinvbit, bmi1, bmi2, adx

Memory: 4k page, physical 8268624k(1299432k free), swap 8268624k(5320k free)

vm_info: OpenJDK 64-Bit Server VM (25.71-b00) for windows-amd64 JRE (1.8.0-25-microsoft-b00), built on Feb  7 2019 20:09:14 by "builder" with MS VC++ 10.0 (VS2010)

time: Thu May 21 22:59:57 2020
timezone: Türkiye Standart Saati
elapsed time: 7 seconds (0d 0h 0m 7s)

